[01/Apr/2014:13:56:03] ENGINE Listening for SIGHUP.
[01/Apr/2014:13:56:03] ENGINE Listening for SIGTERM.
[01/Apr/2014:13:56:03] ENGINE Listening for SIGUSR1.
[01/Apr/2014:13:56:03] ENGINE Bus STARTING
[01/Apr/2014:13:56:03] ENGINE Started monitor thread '_TimeoutMonitor'.
[01/Apr/2014:13:56:04] ENGINE Serving on 127.0.0.1:8080
[01/Apr/2014:13:56:04] ENGINE Bus STARTED
[01/Apr/2014:13:59:30] ENGINE Listening for SIGHUP.
[01/Apr/2014:13:59:30] ENGINE Listening for SIGTERM.
[01/Apr/2014:13:59:30] ENGINE Listening for SIGUSR1.
[01/Apr/2014:13:59:30] ENGINE Bus STARTING
[01/Apr/2014:13:59:30] ENGINE Started monitor thread '_TimeoutMonitor'.
[01/Apr/2014:13:59:35] ENGINE Error in 'start' listener <bound method Server.start of <cherrypy._cpserver.Server object at 0x104a493d0>>
Traceback (most recent call last):
  File "/Library/Python/2.7/site-packages/cherrypy/process/wspbus.py", line 197, in publish
    output.append(listener(*args, **kwargs))
  File "/Library/Python/2.7/site-packages/cherrypy/_cpserver.py", line 151, in start
    ServerAdapter.start(self)
  File "/Library/Python/2.7/site-packages/cherrypy/process/servers.py", line 168, in start
    wait_for_free_port(*self.bind_addr)
  File "/Library/Python/2.7/site-packages/cherrypy/process/servers.py", line 412, in wait_for_free_port
    raise IOError("Port %r not free on %r" % (port, host))
IOError: Port 8080 not free on '127.0.0.1'

[01/Apr/2014:13:59:35] ENGINE Shutting down due to error in start listener:
Traceback (most recent call last):
  File "/Library/Python/2.7/site-packages/cherrypy/process/wspbus.py", line 235, in start
    self.publish('start')
  File "/Library/Python/2.7/site-packages/cherrypy/process/wspbus.py", line 215, in publish
    raise exc
ChannelFailures: IOError("Port 8080 not free on '127.0.0.1'",)

[01/Apr/2014:13:59:35] ENGINE Bus STOPPING
[01/Apr/2014:13:59:35] ENGINE HTTP Server cherrypy._cpwsgi_server.CPWSGIServer(('127.0.0.1', 8080)) already shut down
[01/Apr/2014:13:59:35] ENGINE Stopped thread '_TimeoutMonitor'.
[01/Apr/2014:13:59:35] ENGINE Bus STOPPED
[01/Apr/2014:13:59:35] ENGINE Bus EXITING
[01/Apr/2014:13:59:35] ENGINE Bus EXITED
[01/Apr/2014:13:59:40] ENGINE Keyboard Interrupt: shutting down bus
[01/Apr/2014:13:59:40] ENGINE Bus STOPPING
[01/Apr/2014:13:59:42] ENGINE Listening for SIGHUP.
[01/Apr/2014:13:59:42] ENGINE Listening for SIGTERM.
[01/Apr/2014:13:59:42] ENGINE Listening for SIGUSR1.
[01/Apr/2014:13:59:42] ENGINE Bus STARTING
[01/Apr/2014:13:59:42] ENGINE Started monitor thread '_TimeoutMonitor'.
[01/Apr/2014:13:59:42] ENGINE Serving on 127.0.0.1:8080
[01/Apr/2014:13:59:42] ENGINE Bus STARTED
[01/Apr/2014:13:59:45]  Traceback (most recent call last):
  File "/Library/Python/2.7/site-packages/cherrypy/_cprequest.py", line 102, in run
    hook()
  File "/Library/Python/2.7/site-packages/cherrypy/_cprequest.py", line 62, in __call__
    return self.callback(**self.kwargs)
  File "/Library/Python/2.7/site-packages/cherrypy/_cptools.py", line 176, in _wrapper
    if self.callable(**kwargs):
  File "/Library/Python/2.7/site-packages/cherrypy/lib/static.py", line 296, in staticdir
    raise ValueError(msg)
ValueError: Static dir requires an absolute dir (or root).

[01/Apr/2014:13:59:45]  Traceback (most recent call last):
  File "/Library/Python/2.7/site-packages/cherrypy/_cprequest.py", line 102, in run
    hook()
  File "/Library/Python/2.7/site-packages/cherrypy/_cprequest.py", line 62, in __call__
    return self.callback(**self.kwargs)
  File "/Library/Python/2.7/site-packages/cherrypy/_cptools.py", line 176, in _wrapper
    if self.callable(**kwargs):
  File "/Library/Python/2.7/site-packages/cherrypy/lib/static.py", line 296, in staticdir
    raise ValueError(msg)
ValueError: Static dir requires an absolute dir (or root).

[01/Apr/2014:13:59:45]  Traceback (most recent call last):
  File "/Library/Python/2.7/site-packages/cherrypy/_cprequest.py", line 102, in run
    hook()
  File "/Library/Python/2.7/site-packages/cherrypy/_cprequest.py", line 62, in __call__
    return self.callback(**self.kwargs)
  File "/Library/Python/2.7/site-packages/cherrypy/_cptools.py", line 176, in _wrapper
    if self.callable(**kwargs):
  File "/Library/Python/2.7/site-packages/cherrypy/lib/static.py", line 296, in staticdir
    raise ValueError(msg)
ValueError: Static dir requires an absolute dir (or root).

[01/Apr/2014:13:59:45]  Traceback (most recent call last):
  File "/Library/Python/2.7/site-packages/cherrypy/_cprequest.py", line 102, in run
    hook()
  File "/Library/Python/2.7/site-packages/cherrypy/_cprequest.py", line 62, in __call__
    return self.callback(**self.kwargs)
  File "/Library/Python/2.7/site-packages/cherrypy/_cptools.py", line 176, in _wrapper
    if self.callable(**kwargs):
  File "/Library/Python/2.7/site-packages/cherrypy/lib/static.py", line 296, in staticdir
    raise ValueError(msg)
ValueError: Static dir requires an absolute dir (or root).

[01/Apr/2014:13:59:45]  Traceback (most recent call last):
  File "/Library/Python/2.7/site-packages/cherrypy/_cprequest.py", line 102, in run
    hook()
  File "/Library/Python/2.7/site-packages/cherrypy/_cprequest.py", line 62, in __call__
    return self.callback(**self.kwargs)
  File "/Library/Python/2.7/site-packages/cherrypy/_cptools.py", line 176, in _wrapper
    if self.callable(**kwargs):
  File "/Library/Python/2.7/site-packages/cherrypy/lib/static.py", line 296, in staticdir
    raise ValueError(msg)
ValueError: Static dir requires an absolute dir (or root).

[01/Apr/2014:13:59:45] HTTP Traceback (most recent call last):
  File "/Library/Python/2.7/site-packages/cherrypy/_cprequest.py", line 653, in respond
    self.hooks.run('before_handler')
  File "/Library/Python/2.7/site-packages/cherrypy/_cprequest.py", line 112, in run
    raise exc
ValueError: Static dir requires an absolute dir (or root).

[01/Apr/2014:13:59:45] HTTP Traceback (most recent call last):
  File "/Library/Python/2.7/site-packages/cherrypy/_cprequest.py", line 653, in respond
    self.hooks.run('before_handler')
  File "/Library/Python/2.7/site-packages/cherrypy/_cprequest.py", line 112, in run
    raise exc
ValueError: Static dir requires an absolute dir (or root).

[01/Apr/2014:13:59:45] HTTP Traceback (most recent call last):
  File "/Library/Python/2.7/site-packages/cherrypy/_cprequest.py", line 653, in respond
    self.hooks.run('before_handler')
  File "/Library/Python/2.7/site-packages/cherrypy/_cprequest.py", line 112, in run
    raise exc
ValueError: Static dir requires an absolute dir (or root).

[01/Apr/2014:13:59:45] HTTP Traceback (most recent call last):
  File "/Library/Python/2.7/site-packages/cherrypy/_cprequest.py", line 653, in respond
    self.hooks.run('before_handler')
  File "/Library/Python/2.7/site-packages/cherrypy/_cprequest.py", line 112, in run
    raise exc
ValueError: Static dir requires an absolute dir (or root).

[01/Apr/2014:13:59:45] HTTP Traceback (most recent call last):
  File "/Library/Python/2.7/site-packages/cherrypy/_cprequest.py", line 653, in respond
    self.hooks.run('before_handler')
  File "/Library/Python/2.7/site-packages/cherrypy/_cprequest.py", line 112, in run
    raise exc
ValueError: Static dir requires an absolute dir (or root).

[01/Apr/2014:13:59:50] ENGINE Error in 'stop' listener <bound method Server.stop of <cherrypy._cpserver.Server object at 0x10d9933d0>>
Traceback (most recent call last):
  File "/Library/Python/2.7/site-packages/cherrypy/process/wspbus.py", line 197, in publish
    output.append(listener(*args, **kwargs))
  File "/Library/Python/2.7/site-packages/cherrypy/process/servers.py", line 224, in stop
    wait_for_free_port(*self.bind_addr)
  File "/Library/Python/2.7/site-packages/cherrypy/process/servers.py", line 412, in wait_for_free_port
    raise IOError("Port %r not free on %r" % (port, host))
IOError: Port 8080 not free on '127.0.0.1'

[01/Apr/2014:13:59:50] ENGINE Stopped thread '_TimeoutMonitor'.
[01/Apr/2014:14:01:11] ENGINE Keyboard Interrupt: shutting down bus
[01/Apr/2014:14:01:11] ENGINE Bus STOPPING
[01/Apr/2014:14:01:11] ENGINE HTTP Server cherrypy._cpwsgi_server.CPWSGIServer(('127.0.0.1', 8080)) shut down
[01/Apr/2014:14:01:11] ENGINE Stopped thread '_TimeoutMonitor'.
[01/Apr/2014:14:01:11] ENGINE Bus STOPPED
[01/Apr/2014:14:01:11] ENGINE Bus EXITING
[01/Apr/2014:14:01:11] ENGINE Bus EXITED
[01/Apr/2014:14:01:11] ENGINE Waiting for child threads to terminate...
[01/Apr/2014:14:06:18] ENGINE Listening for SIGHUP.
[01/Apr/2014:14:06:18] ENGINE Listening for SIGTERM.
[01/Apr/2014:14:06:18] ENGINE Listening for SIGUSR1.
[01/Apr/2014:14:06:18] ENGINE Bus STARTING
[01/Apr/2014:14:06:18] ENGINE Started monitor thread '_TimeoutMonitor'.
[01/Apr/2014:14:06:18] ENGINE Serving on 127.0.0.1:8080
[01/Apr/2014:14:06:18] ENGINE Bus STARTED
[01/Apr/2014:14:09:29] ENGINE Listening for SIGHUP.
[01/Apr/2014:14:09:29] ENGINE Listening for SIGTERM.
[01/Apr/2014:14:09:29] ENGINE Listening for SIGUSR1.
[01/Apr/2014:14:09:29] ENGINE Bus STARTING
[01/Apr/2014:14:09:29] ENGINE Started monitor thread '_TimeoutMonitor'.
[01/Apr/2014:14:09:29] ENGINE Serving on 127.0.0.1:8080
[01/Apr/2014:14:09:29] ENGINE Bus STARTED
[01/Apr/2014:14:17:20] ENGINE Keyboard Interrupt: shutting down bus
[01/Apr/2014:14:17:20] ENGINE Bus STOPPING
[01/Apr/2014:14:17:20] ENGINE HTTP Server cherrypy._cpwsgi_server.CPWSGIServer(('127.0.0.1', 8080)) shut down
[01/Apr/2014:14:17:20] ENGINE Stopped thread '_TimeoutMonitor'.
[01/Apr/2014:14:17:20] ENGINE Bus STOPPED
[01/Apr/2014:14:17:20] ENGINE Bus EXITING
[01/Apr/2014:14:17:20] ENGINE Bus EXITED
[01/Apr/2014:14:17:20] ENGINE Waiting for child threads to terminate...
[01/Apr/2014:14:18:00] ENGINE Listening for SIGHUP.
[01/Apr/2014:14:18:00] ENGINE Listening for SIGTERM.
[01/Apr/2014:14:18:00] ENGINE Listening for SIGUSR1.
[01/Apr/2014:14:18:00] ENGINE Bus STARTING
[01/Apr/2014:14:18:00] ENGINE Started monitor thread '_TimeoutMonitor'.
[01/Apr/2014:14:18:00] ENGINE Serving on 127.0.0.1:8080
[01/Apr/2014:14:18:00] ENGINE Bus STARTED
[01/Apr/2014:14:31:58] ENGINE Keyboard Interrupt: shutting down bus
[01/Apr/2014:14:31:58] ENGINE Bus STOPPING
[01/Apr/2014:14:31:58] ENGINE HTTP Server cherrypy._cpwsgi_server.CPWSGIServer(('127.0.0.1', 8080)) shut down
[01/Apr/2014:14:31:58] ENGINE Stopped thread '_TimeoutMonitor'.
[01/Apr/2014:14:31:58] ENGINE Bus STOPPED
[01/Apr/2014:14:31:58] ENGINE Bus EXITING
[01/Apr/2014:14:31:58] ENGINE Bus EXITED
[01/Apr/2014:14:31:58] ENGINE Waiting for child threads to terminate...
[01/Apr/2014:14:33:01] ENGINE Listening for SIGHUP.
[01/Apr/2014:14:33:01] ENGINE Listening for SIGTERM.
[01/Apr/2014:14:33:01] ENGINE Listening for SIGUSR1.
[01/Apr/2014:14:33:01] ENGINE Bus STARTING
[01/Apr/2014:14:33:01] ENGINE Started monitor thread '_TimeoutMonitor'.
[01/Apr/2014:14:33:02] ENGINE Serving on 127.0.0.1:8080
[01/Apr/2014:14:33:02] ENGINE Bus STARTED
[01/Apr/2014:14:34:44] ENGINE Keyboard Interrupt: shutting down bus
[01/Apr/2014:14:34:44] ENGINE Bus STOPPING
[01/Apr/2014:14:34:44] ENGINE HTTP Server cherrypy._cpwsgi_server.CPWSGIServer(('127.0.0.1', 8080)) shut down
[01/Apr/2014:14:34:44] ENGINE Stopped thread '_TimeoutMonitor'.
[01/Apr/2014:14:34:44] ENGINE Bus STOPPED
[01/Apr/2014:14:34:44] ENGINE Bus EXITING
[01/Apr/2014:14:34:44] ENGINE Bus EXITED
[01/Apr/2014:14:34:44] ENGINE Waiting for child threads to terminate...
[01/Apr/2014:15:22:41] ENGINE Listening for SIGHUP.
[01/Apr/2014:15:22:41] ENGINE Listening for SIGTERM.
[01/Apr/2014:15:22:41] ENGINE Listening for SIGUSR1.
[01/Apr/2014:15:22:41] ENGINE Bus STARTING
[01/Apr/2014:15:22:41] ENGINE Started monitor thread '_TimeoutMonitor'.
[01/Apr/2014:15:22:41] ENGINE Serving on 127.0.0.1:8080
[01/Apr/2014:15:22:41] ENGINE Bus STARTED
[01/Apr/2014:15:23:34] ENGINE Keyboard Interrupt: shutting down bus
[01/Apr/2014:15:23:34] ENGINE Bus STOPPING
[01/Apr/2014:15:23:34] ENGINE HTTP Server cherrypy._cpwsgi_server.CPWSGIServer(('127.0.0.1', 8080)) shut down
[01/Apr/2014:15:23:34] ENGINE Stopped thread '_TimeoutMonitor'.
[01/Apr/2014:15:23:34] ENGINE Bus STOPPED
[01/Apr/2014:15:23:34] ENGINE Bus EXITING
[01/Apr/2014:15:23:34] ENGINE Bus EXITED
[01/Apr/2014:15:23:34] ENGINE Waiting for child threads to terminate...
[01/Apr/2014:15:23:36] ENGINE Listening for SIGHUP.
[01/Apr/2014:15:23:36] ENGINE Listening for SIGTERM.
[01/Apr/2014:15:23:36] ENGINE Listening for SIGUSR1.
[01/Apr/2014:15:23:36] ENGINE Bus STARTING
[01/Apr/2014:15:23:36] ENGINE Started monitor thread '_TimeoutMonitor'.
[01/Apr/2014:15:23:36] ENGINE Serving on 127.0.0.1:8080
[01/Apr/2014:15:23:36] ENGINE Bus STARTED
[01/Apr/2014:15:24:37] ENGINE Keyboard Interrupt: shutting down bus
[01/Apr/2014:15:24:37] ENGINE Bus STOPPING
[01/Apr/2014:15:24:37] ENGINE HTTP Server cherrypy._cpwsgi_server.CPWSGIServer(('127.0.0.1', 8080)) shut down
[01/Apr/2014:15:24:37] ENGINE Stopped thread '_TimeoutMonitor'.
[01/Apr/2014:15:24:37] ENGINE Bus STOPPED
[01/Apr/2014:15:24:37] ENGINE Bus EXITING
[01/Apr/2014:15:24:37] ENGINE Bus EXITED
[01/Apr/2014:15:24:37] ENGINE Waiting for child threads to terminate...
[01/Apr/2014:15:24:38] ENGINE Listening for SIGHUP.
[01/Apr/2014:15:24:38] ENGINE Listening for SIGTERM.
[01/Apr/2014:15:24:38] ENGINE Listening for SIGUSR1.
[01/Apr/2014:15:24:38] ENGINE Bus STARTING
[01/Apr/2014:15:24:38] ENGINE Started monitor thread '_TimeoutMonitor'.
[01/Apr/2014:15:24:38] ENGINE Serving on 127.0.0.1:8080
[01/Apr/2014:15:24:38] ENGINE Bus STARTED
[01/Apr/2014:15:26:36] ENGINE Keyboard Interrupt: shutting down bus
[01/Apr/2014:15:26:36] ENGINE Bus STOPPING
[01/Apr/2014:15:26:36] ENGINE HTTP Server cherrypy._cpwsgi_server.CPWSGIServer(('127.0.0.1', 8080)) shut down
[01/Apr/2014:15:26:36] ENGINE Stopped thread '_TimeoutMonitor'.
[01/Apr/2014:15:26:36] ENGINE Bus STOPPED
[01/Apr/2014:15:26:36] ENGINE Bus EXITING
[01/Apr/2014:15:26:36] ENGINE Bus EXITED
[01/Apr/2014:15:26:36] ENGINE Waiting for child threads to terminate...
[01/Apr/2014:15:28:49] ENGINE Listening for SIGHUP.
[01/Apr/2014:15:28:49] ENGINE Listening for SIGTERM.
[01/Apr/2014:15:28:49] ENGINE Listening for SIGUSR1.
[01/Apr/2014:15:28:49] ENGINE Bus STARTING
[01/Apr/2014:15:28:49] ENGINE Started monitor thread '_TimeoutMonitor'.
[01/Apr/2014:15:28:49] ENGINE Serving on 127.0.0.1:8080
[01/Apr/2014:15:28:49] ENGINE Bus STARTED
[01/Apr/2014:15:30:34] ENGINE Listening for SIGHUP.
[01/Apr/2014:15:30:34] ENGINE Listening for SIGTERM.
[01/Apr/2014:15:30:34] ENGINE Listening for SIGUSR1.
[01/Apr/2014:15:30:34] ENGINE Bus STARTING
[01/Apr/2014:15:30:34] ENGINE Started monitor thread '_TimeoutMonitor'.
[01/Apr/2014:15:30:36] ENGINE Keyboard Interrupt: shutting down bus
[01/Apr/2014:15:30:36] ENGINE Bus STOPPING
[01/Apr/2014:15:30:36] ENGINE HTTP Server cherrypy._cpwsgi_server.CPWSGIServer(('127.0.0.1', 8080)) shut down
[01/Apr/2014:15:30:36] ENGINE Stopped thread '_TimeoutMonitor'.
[01/Apr/2014:15:30:36] ENGINE Bus STOPPED
[01/Apr/2014:15:30:36] ENGINE Bus EXITING
[01/Apr/2014:15:30:36] ENGINE Bus EXITED
[01/Apr/2014:15:30:36] ENGINE Waiting for child threads to terminate...
[01/Apr/2014:15:30:36] ENGINE Serving on 127.0.0.1:8080
[01/Apr/2014:15:30:36] ENGINE Bus STARTED
[01/Apr/2014:15:31:33] ENGINE Keyboard Interrupt: shutting down bus
[01/Apr/2014:15:31:33] ENGINE Bus STOPPING
[01/Apr/2014:15:31:33] ENGINE HTTP Server cherrypy._cpwsgi_server.CPWSGIServer(('127.0.0.1', 8080)) shut down
[01/Apr/2014:15:31:33] ENGINE Stopped thread '_TimeoutMonitor'.
[01/Apr/2014:15:31:33] ENGINE Bus STOPPED
[01/Apr/2014:15:31:33] ENGINE Bus EXITING
[01/Apr/2014:15:31:33] ENGINE Bus EXITED
[01/Apr/2014:15:31:33] ENGINE Waiting for child threads to terminate...
[01/Apr/2014:15:31:33] ENGINE Listening for SIGHUP.
[01/Apr/2014:15:31:33] ENGINE Listening for SIGTERM.
[01/Apr/2014:15:31:33] ENGINE Listening for SIGUSR1.
[01/Apr/2014:15:31:33] ENGINE Bus STARTING
[01/Apr/2014:15:31:33] ENGINE Started monitor thread '_TimeoutMonitor'.
[01/Apr/2014:15:31:33] ENGINE Serving on 127.0.0.1:8080
[01/Apr/2014:15:31:33] ENGINE Bus STARTED
[01/Apr/2014:15:32:43] ENGINE Keyboard Interrupt: shutting down bus
[01/Apr/2014:15:32:43] ENGINE Bus STOPPING
[01/Apr/2014:15:32:43] ENGINE HTTP Server cherrypy._cpwsgi_server.CPWSGIServer(('127.0.0.1', 8080)) shut down
[01/Apr/2014:15:32:43] ENGINE Stopped thread '_TimeoutMonitor'.
[01/Apr/2014:15:32:43] ENGINE Bus STOPPED
[01/Apr/2014:15:32:43] ENGINE Bus EXITING
[01/Apr/2014:15:32:43] ENGINE Bus EXITED
[01/Apr/2014:15:32:43] ENGINE Waiting for child threads to terminate...
[01/Apr/2014:15:32:43] ENGINE Listening for SIGHUP.
[01/Apr/2014:15:32:43] ENGINE Listening for SIGTERM.
[01/Apr/2014:15:32:43] ENGINE Listening for SIGUSR1.
[01/Apr/2014:15:32:43] ENGINE Bus STARTING
[01/Apr/2014:15:32:43] ENGINE Started monitor thread '_TimeoutMonitor'.
[01/Apr/2014:15:32:43] ENGINE Serving on 127.0.0.1:8080
[01/Apr/2014:15:32:43] ENGINE Bus STARTED
[01/Apr/2014:15:33:12] ENGINE Keyboard Interrupt: shutting down bus
[01/Apr/2014:15:33:12] ENGINE Bus STOPPING
[01/Apr/2014:15:33:12] ENGINE HTTP Server cherrypy._cpwsgi_server.CPWSGIServer(('127.0.0.1', 8080)) shut down
[01/Apr/2014:15:33:12] ENGINE Stopped thread '_TimeoutMonitor'.
[01/Apr/2014:15:33:12] ENGINE Bus STOPPED
[01/Apr/2014:15:33:12] ENGINE Bus EXITING
[01/Apr/2014:15:33:12] ENGINE Bus EXITED
[01/Apr/2014:15:33:12] ENGINE Waiting for child threads to terminate...
[01/Apr/2014:15:33:13] ENGINE Listening for SIGHUP.
[01/Apr/2014:15:33:13] ENGINE Listening for SIGTERM.
[01/Apr/2014:15:33:13] ENGINE Listening for SIGUSR1.
[01/Apr/2014:15:33:13] ENGINE Bus STARTING
[01/Apr/2014:15:33:13] ENGINE Started monitor thread '_TimeoutMonitor'.
[01/Apr/2014:15:33:13] ENGINE Serving on 127.0.0.1:8080
[01/Apr/2014:15:33:13] ENGINE Bus STARTED
[01/Apr/2014:15:33:28] ENGINE Keyboard Interrupt: shutting down bus
[01/Apr/2014:15:33:28] ENGINE Bus STOPPING
[01/Apr/2014:15:33:28] ENGINE HTTP Server cherrypy._cpwsgi_server.CPWSGIServer(('127.0.0.1', 8080)) shut down
[01/Apr/2014:15:33:28] ENGINE Stopped thread '_TimeoutMonitor'.
[01/Apr/2014:15:33:28] ENGINE Bus STOPPED
[01/Apr/2014:15:33:28] ENGINE Bus EXITING
[01/Apr/2014:15:33:28] ENGINE Bus EXITED
[01/Apr/2014:15:33:28] ENGINE Waiting for child threads to terminate...
[01/Apr/2014:15:33:28] ENGINE Listening for SIGHUP.
[01/Apr/2014:15:33:28] ENGINE Listening for SIGTERM.
[01/Apr/2014:15:33:28] ENGINE Listening for SIGUSR1.
[01/Apr/2014:15:33:28] ENGINE Bus STARTING
[01/Apr/2014:15:33:28] ENGINE Started monitor thread '_TimeoutMonitor'.
[01/Apr/2014:15:33:28] ENGINE Serving on 127.0.0.1:8080
[01/Apr/2014:15:33:28] ENGINE Bus STARTED
[01/Apr/2014:15:34:32] ENGINE Keyboard Interrupt: shutting down bus
[01/Apr/2014:15:34:32] ENGINE Bus STOPPING
[01/Apr/2014:15:34:32] ENGINE HTTP Server cherrypy._cpwsgi_server.CPWSGIServer(('127.0.0.1', 8080)) shut down
[01/Apr/2014:15:34:32] ENGINE Stopped thread '_TimeoutMonitor'.
[01/Apr/2014:15:34:32] ENGINE Bus STOPPED
[01/Apr/2014:15:34:32] ENGINE Bus EXITING
[01/Apr/2014:15:34:32] ENGINE Bus EXITED
[01/Apr/2014:15:34:32] ENGINE Waiting for child threads to terminate...
[01/Apr/2014:15:34:32] ENGINE Listening for SIGHUP.
[01/Apr/2014:15:34:32] ENGINE Listening for SIGTERM.
[01/Apr/2014:15:34:32] ENGINE Listening for SIGUSR1.
[01/Apr/2014:15:34:32] ENGINE Bus STARTING
[01/Apr/2014:15:34:32] ENGINE Started monitor thread '_TimeoutMonitor'.
[01/Apr/2014:15:34:32] ENGINE Serving on 127.0.0.1:8080
[01/Apr/2014:15:34:32] ENGINE Bus STARTED
[01/Apr/2014:15:34:46] ENGINE Keyboard Interrupt: shutting down bus
[01/Apr/2014:15:34:46] ENGINE Bus STOPPING
[01/Apr/2014:15:34:47] ENGINE Listening for SIGHUP.
[01/Apr/2014:15:34:47] ENGINE Listening for SIGTERM.
[01/Apr/2014:15:34:47] ENGINE Listening for SIGUSR1.
[01/Apr/2014:15:34:47] ENGINE Bus STARTING
[01/Apr/2014:15:34:47] ENGINE Started monitor thread '_TimeoutMonitor'.
[01/Apr/2014:15:34:47] ENGINE Serving on 127.0.0.1:8080
[01/Apr/2014:15:34:47] ENGINE Bus STARTED
[01/Apr/2014:15:34:55] ENGINE Error in 'stop' listener <bound method Server.stop of <cherrypy._cpserver.Server object at 0x107f1a510>>
Traceback (most recent call last):
  File "/Library/Python/2.7/site-packages/cherrypy/process/wspbus.py", line 197, in publish
    output.append(listener(*args, **kwargs))
  File "/Library/Python/2.7/site-packages/cherrypy/process/servers.py", line 224, in stop
    wait_for_free_port(*self.bind_addr)
  File "/Library/Python/2.7/site-packages/cherrypy/process/servers.py", line 412, in wait_for_free_port
    raise IOError("Port %r not free on %r" % (port, host))
IOError: Port 8080 not free on '127.0.0.1'

[01/Apr/2014:15:34:55] ENGINE Stopped thread '_TimeoutMonitor'.
[01/Apr/2014:15:36:00] ENGINE Keyboard Interrupt: shutting down bus
[01/Apr/2014:15:36:00] ENGINE Bus STOPPING
[01/Apr/2014:15:36:00] ENGINE HTTP Server cherrypy._cpwsgi_server.CPWSGIServer(('127.0.0.1', 8080)) shut down
[01/Apr/2014:15:36:00] ENGINE Stopped thread '_TimeoutMonitor'.
[01/Apr/2014:15:36:00] ENGINE Bus STOPPED
[01/Apr/2014:15:36:00] ENGINE Bus EXITING
[01/Apr/2014:15:36:00] ENGINE Bus EXITED
[01/Apr/2014:15:36:00] ENGINE Waiting for child threads to terminate...
[01/Apr/2014:15:36:01] ENGINE Listening for SIGHUP.
[01/Apr/2014:15:36:01] ENGINE Listening for SIGTERM.
[01/Apr/2014:15:36:01] ENGINE Listening for SIGUSR1.
[01/Apr/2014:15:36:01] ENGINE Bus STARTING
[01/Apr/2014:15:36:01] ENGINE Started monitor thread '_TimeoutMonitor'.
[01/Apr/2014:15:36:01] ENGINE Serving on 127.0.0.1:8080
[01/Apr/2014:15:36:01] ENGINE Bus STARTED
[01/Apr/2014:15:37:46] ENGINE Keyboard Interrupt: shutting down bus
[01/Apr/2014:15:37:46] ENGINE Bus STOPPING
[01/Apr/2014:15:37:46] ENGINE HTTP Server cherrypy._cpwsgi_server.CPWSGIServer(('127.0.0.1', 8080)) shut down
[01/Apr/2014:15:37:46] ENGINE Stopped thread '_TimeoutMonitor'.
[01/Apr/2014:15:37:46] ENGINE Bus STOPPED
[01/Apr/2014:15:37:46] ENGINE Bus EXITING
[01/Apr/2014:15:37:46] ENGINE Bus EXITED
[01/Apr/2014:15:37:46] ENGINE Waiting for child threads to terminate...
[01/Apr/2014:15:37:47] ENGINE Listening for SIGHUP.
[01/Apr/2014:15:37:47] ENGINE Listening for SIGTERM.
[01/Apr/2014:15:37:47] ENGINE Listening for SIGUSR1.
[01/Apr/2014:15:37:47] ENGINE Bus STARTING
[01/Apr/2014:15:37:47] ENGINE Started monitor thread '_TimeoutMonitor'.
[01/Apr/2014:15:37:47] ENGINE Serving on 127.0.0.1:8080
[01/Apr/2014:15:37:47] ENGINE Bus STARTED
[01/Apr/2014:15:38:03] ENGINE Keyboard Interrupt: shutting down bus
[01/Apr/2014:15:38:03] ENGINE Bus STOPPING
[01/Apr/2014:15:38:03] ENGINE HTTP Server cherrypy._cpwsgi_server.CPWSGIServer(('127.0.0.1', 8080)) shut down
[01/Apr/2014:15:38:03] ENGINE Stopped thread '_TimeoutMonitor'.
[01/Apr/2014:15:38:03] ENGINE Bus STOPPED
[01/Apr/2014:15:38:03] ENGINE Bus EXITING
[01/Apr/2014:15:38:03] ENGINE Bus EXITED
[01/Apr/2014:15:38:03] ENGINE Waiting for child threads to terminate...
[01/Apr/2014:15:38:03] ENGINE Listening for SIGHUP.
[01/Apr/2014:15:38:03] ENGINE Listening for SIGTERM.
[01/Apr/2014:15:38:03] ENGINE Listening for SIGUSR1.
[01/Apr/2014:15:38:03] ENGINE Bus STARTING
[01/Apr/2014:15:38:03] ENGINE Started monitor thread '_TimeoutMonitor'.
[01/Apr/2014:15:38:03] ENGINE Serving on 127.0.0.1:8080
[01/Apr/2014:15:38:03] ENGINE Bus STARTED
[01/Apr/2014:15:38:28] ENGINE Keyboard Interrupt: shutting down bus
[01/Apr/2014:15:38:28] ENGINE Bus STOPPING
[01/Apr/2014:15:38:28] ENGINE HTTP Server cherrypy._cpwsgi_server.CPWSGIServer(('127.0.0.1', 8080)) shut down
[01/Apr/2014:15:38:28] ENGINE Stopped thread '_TimeoutMonitor'.
[01/Apr/2014:15:38:28] ENGINE Bus STOPPED
[01/Apr/2014:15:38:28] ENGINE Bus EXITING
[01/Apr/2014:15:38:28] ENGINE Bus EXITED
[01/Apr/2014:15:38:28] ENGINE Waiting for child threads to terminate...
[01/Apr/2014:15:38:28] ENGINE Listening for SIGHUP.
[01/Apr/2014:15:38:28] ENGINE Listening for SIGTERM.
[01/Apr/2014:15:38:28] ENGINE Listening for SIGUSR1.
[01/Apr/2014:15:38:28] ENGINE Bus STARTING
[01/Apr/2014:15:38:28] ENGINE Started monitor thread '_TimeoutMonitor'.
[01/Apr/2014:15:38:28] ENGINE Serving on 127.0.0.1:8080
[01/Apr/2014:15:38:28] ENGINE Bus STARTED
[01/Apr/2014:15:38:49] ENGINE Keyboard Interrupt: shutting down bus
[01/Apr/2014:15:38:49] ENGINE Bus STOPPING
[01/Apr/2014:15:38:49] ENGINE HTTP Server cherrypy._cpwsgi_server.CPWSGIServer(('127.0.0.1', 8080)) shut down
[01/Apr/2014:15:38:49] ENGINE Stopped thread '_TimeoutMonitor'.
[01/Apr/2014:15:38:49] ENGINE Bus STOPPED
[01/Apr/2014:15:38:49] ENGINE Bus EXITING
[01/Apr/2014:15:38:49] ENGINE Bus EXITED
[01/Apr/2014:15:38:49] ENGINE Waiting for child threads to terminate...
[01/Apr/2014:15:38:49] ENGINE Listening for SIGHUP.
[01/Apr/2014:15:38:49] ENGINE Listening for SIGTERM.
[01/Apr/2014:15:38:49] ENGINE Listening for SIGUSR1.
[01/Apr/2014:15:38:49] ENGINE Bus STARTING
[01/Apr/2014:15:38:49] ENGINE Started monitor thread '_TimeoutMonitor'.
[01/Apr/2014:15:38:49] ENGINE Serving on 127.0.0.1:8080
[01/Apr/2014:15:38:49] ENGINE Bus STARTED
[01/Apr/2014:15:39:24] ENGINE Keyboard Interrupt: shutting down bus
[01/Apr/2014:15:39:24] ENGINE Bus STOPPING
[01/Apr/2014:15:39:24] ENGINE HTTP Server cherrypy._cpwsgi_server.CPWSGIServer(('127.0.0.1', 8080)) shut down
[01/Apr/2014:15:39:24] ENGINE Stopped thread '_TimeoutMonitor'.
[01/Apr/2014:15:39:24] ENGINE Bus STOPPED
[01/Apr/2014:15:39:24] ENGINE Bus EXITING
[01/Apr/2014:15:39:24] ENGINE Bus EXITED
[01/Apr/2014:15:39:24] ENGINE Waiting for child threads to terminate...
[01/Apr/2014:15:39:24] ENGINE Listening for SIGHUP.
[01/Apr/2014:15:39:24] ENGINE Listening for SIGTERM.
[01/Apr/2014:15:39:24] ENGINE Listening for SIGUSR1.
[01/Apr/2014:15:39:24] ENGINE Bus STARTING
[01/Apr/2014:15:39:24] ENGINE Started monitor thread '_TimeoutMonitor'.
[01/Apr/2014:15:39:24] ENGINE Serving on 127.0.0.1:8080
[01/Apr/2014:15:39:24] ENGINE Bus STARTED
[01/Apr/2014:15:39:45] ENGINE Keyboard Interrupt: shutting down bus
[01/Apr/2014:15:39:45] ENGINE Bus STOPPING
[01/Apr/2014:15:39:45] ENGINE HTTP Server cherrypy._cpwsgi_server.CPWSGIServer(('127.0.0.1', 8080)) shut down
[01/Apr/2014:15:39:45] ENGINE Stopped thread '_TimeoutMonitor'.
[01/Apr/2014:15:39:45] ENGINE Bus STOPPED
[01/Apr/2014:15:39:45] ENGINE Bus EXITING
[01/Apr/2014:15:39:45] ENGINE Bus EXITED
[01/Apr/2014:15:39:45] ENGINE Waiting for child threads to terminate...
[01/Apr/2014:15:39:45] ENGINE Listening for SIGHUP.
[01/Apr/2014:15:39:45] ENGINE Listening for SIGTERM.
[01/Apr/2014:15:39:45] ENGINE Listening for SIGUSR1.
[01/Apr/2014:15:39:45] ENGINE Bus STARTING
[01/Apr/2014:15:39:45] ENGINE Started monitor thread '_TimeoutMonitor'.
[01/Apr/2014:15:39:45] ENGINE Serving on 127.0.0.1:8080
[01/Apr/2014:15:39:45] ENGINE Bus STARTED
[01/Apr/2014:15:43:19] ENGINE Keyboard Interrupt: shutting down bus
[01/Apr/2014:15:43:19] ENGINE Bus STOPPING
[01/Apr/2014:15:43:19] ENGINE HTTP Server cherrypy._cpwsgi_server.CPWSGIServer(('127.0.0.1', 8080)) shut down
[01/Apr/2014:15:43:19] ENGINE Stopped thread '_TimeoutMonitor'.
[01/Apr/2014:15:43:19] ENGINE Bus STOPPED
[01/Apr/2014:15:43:19] ENGINE Bus EXITING
[01/Apr/2014:15:43:19] ENGINE Bus EXITED
[01/Apr/2014:15:43:19] ENGINE Waiting for child threads to terminate...
[01/Apr/2014:15:43:20] ENGINE Listening for SIGHUP.
[01/Apr/2014:15:43:20] ENGINE Listening for SIGTERM.
[01/Apr/2014:15:43:20] ENGINE Listening for SIGUSR1.
[01/Apr/2014:15:43:20] ENGINE Bus STARTING
[01/Apr/2014:15:43:20] ENGINE Started monitor thread '_TimeoutMonitor'.
[01/Apr/2014:15:43:20] ENGINE Serving on 127.0.0.1:8080
[01/Apr/2014:15:43:20] ENGINE Bus STARTED
[01/Apr/2014:15:44:46] ENGINE Keyboard Interrupt: shutting down bus
[01/Apr/2014:15:44:46] ENGINE Bus STOPPING
[01/Apr/2014:15:44:46] ENGINE HTTP Server cherrypy._cpwsgi_server.CPWSGIServer(('127.0.0.1', 8080)) shut down
[01/Apr/2014:15:44:46] ENGINE Stopped thread '_TimeoutMonitor'.
[01/Apr/2014:15:44:46] ENGINE Bus STOPPED
[01/Apr/2014:15:44:46] ENGINE Bus EXITING
[01/Apr/2014:15:44:46] ENGINE Bus EXITED
[01/Apr/2014:15:44:46] ENGINE Waiting for child threads to terminate...
[01/Apr/2014:15:44:46] ENGINE Bus STARTING
[01/Apr/2014:15:44:46] ENGINE Started monitor thread '_TimeoutMonitor'.
[01/Apr/2014:15:44:46] ENGINE Serving on 127.0.0.1:8080
[01/Apr/2014:15:44:46] ENGINE Bus STARTED
[01/Apr/2014:15:45:44] ENGINE Keyboard Interrupt: shutting down bus
[01/Apr/2014:15:45:44] ENGINE Bus STOPPING
[01/Apr/2014:15:45:44] ENGINE HTTP Server cherrypy._cpwsgi_server.CPWSGIServer(('127.0.0.1', 8080)) shut down
[01/Apr/2014:15:45:44] ENGINE Stopped thread '_TimeoutMonitor'.
[01/Apr/2014:15:45:44] ENGINE Bus STOPPED
[01/Apr/2014:15:45:44] ENGINE Bus EXITING
[01/Apr/2014:15:45:44] ENGINE Bus EXITED
[01/Apr/2014:15:45:44] ENGINE Waiting for child threads to terminate...
[01/Apr/2014:15:45:55] ENGINE Bus STARTING
[01/Apr/2014:15:45:55] ENGINE Started monitor thread '_TimeoutMonitor'.
[01/Apr/2014:15:45:55] ENGINE Serving on 127.0.0.1:8080
[01/Apr/2014:15:45:55] ENGINE Bus STARTED
[01/Apr/2014:15:46:00] HTTP Traceback (most recent call last):
  File "/Library/Python/2.7/site-packages/cherrypy/_cprequest.py", line 656, in respond
    response.body = self.handler()
  File "/Library/Python/2.7/site-packages/cherrypy/lib/encoding.py", line 188, in __call__
    self.body = self.oldhandler(*args, **kwargs)
  File "/Library/Python/2.7/site-packages/cherrypy/_cpdispatch.py", line 34, in __call__
    return self.callable(*self.args, **self.kwargs)
TypeError: unbound method index() must be called with Root instance as first argument (got nothing instead)

[01/Apr/2014:15:46:16] ENGINE Keyboard Interrupt: shutting down bus
[01/Apr/2014:15:46:16] ENGINE Bus STOPPING
[01/Apr/2014:15:46:16] ENGINE HTTP Server cherrypy._cpwsgi_server.CPWSGIServer(('127.0.0.1', 8080)) shut down
[01/Apr/2014:15:46:16] ENGINE Stopped thread '_TimeoutMonitor'.
[01/Apr/2014:15:46:16] ENGINE Bus STOPPED
[01/Apr/2014:15:46:16] ENGINE Bus EXITING
[01/Apr/2014:15:46:16] ENGINE Bus EXITED
[01/Apr/2014:15:46:16] ENGINE Waiting for child threads to terminate...
[01/Apr/2014:15:46:17] ENGINE Bus STARTING
[01/Apr/2014:15:46:17] ENGINE Started monitor thread '_TimeoutMonitor'.
[01/Apr/2014:15:46:17] ENGINE Serving on 127.0.0.1:8080
[01/Apr/2014:15:46:17] ENGINE Bus STARTED
[01/Apr/2014:15:46:20] HTTP Traceback (most recent call last):
  File "/Library/Python/2.7/site-packages/cherrypy/_cprequest.py", line 656, in respond
    response.body = self.handler()
  File "/Library/Python/2.7/site-packages/cherrypy/lib/encoding.py", line 188, in __call__
    self.body = self.oldhandler(*args, **kwargs)
  File "/Library/Python/2.7/site-packages/cherrypy/_cpdispatch.py", line 34, in __call__
    return self.callable(*self.args, **self.kwargs)
TypeError: unbound method index() must be called with Root instance as first argument (got nothing instead)

[01/Apr/2014:15:46:22] HTTP Traceback (most recent call last):
  File "/Library/Python/2.7/site-packages/cherrypy/_cprequest.py", line 656, in respond
    response.body = self.handler()
  File "/Library/Python/2.7/site-packages/cherrypy/lib/encoding.py", line 188, in __call__
    self.body = self.oldhandler(*args, **kwargs)
  File "/Library/Python/2.7/site-packages/cherrypy/_cpdispatch.py", line 34, in __call__
    return self.callable(*self.args, **self.kwargs)
TypeError: unbound method index() must be called with Root instance as first argument (got nothing instead)

[01/Apr/2014:15:46:56] ENGINE Keyboard Interrupt: shutting down bus
[01/Apr/2014:15:46:56] ENGINE Bus STOPPING
[01/Apr/2014:15:46:56] ENGINE HTTP Server cherrypy._cpwsgi_server.CPWSGIServer(('127.0.0.1', 8080)) shut down
[01/Apr/2014:15:46:56] ENGINE Stopped thread '_TimeoutMonitor'.
[01/Apr/2014:15:46:56] ENGINE Bus STOPPED
[01/Apr/2014:15:46:56] ENGINE Bus EXITING
[01/Apr/2014:15:46:56] ENGINE Bus EXITED
[01/Apr/2014:15:46:56] ENGINE Waiting for child threads to terminate...
[01/Apr/2014:15:46:56] ENGINE Bus STARTING
[01/Apr/2014:15:46:56] ENGINE Started monitor thread '_TimeoutMonitor'.
[01/Apr/2014:15:46:57] ENGINE Serving on 127.0.0.1:8080
[01/Apr/2014:15:46:57] ENGINE Bus STARTED
[01/Apr/2014:15:46:59] HTTP Traceback (most recent call last):
  File "/Library/Python/2.7/site-packages/cherrypy/_cprequest.py", line 656, in respond
    response.body = self.handler()
  File "/Library/Python/2.7/site-packages/cherrypy/lib/encoding.py", line 188, in __call__
    self.body = self.oldhandler(*args, **kwargs)
  File "/Library/Python/2.7/site-packages/cherrypy/_cpdispatch.py", line 34, in __call__
    return self.callable(*self.args, **self.kwargs)
TypeError: unbound method index() must be called with Root instance as first argument (got nothing instead)

[01/Apr/2014:15:47:15] ENGINE Keyboard Interrupt: shutting down bus
[01/Apr/2014:15:47:15] ENGINE Bus STOPPING
[01/Apr/2014:15:47:15] ENGINE HTTP Server cherrypy._cpwsgi_server.CPWSGIServer(('127.0.0.1', 8080)) shut down
[01/Apr/2014:15:47:15] ENGINE Stopped thread '_TimeoutMonitor'.
[01/Apr/2014:15:47:15] ENGINE Bus STOPPED
[01/Apr/2014:15:47:15] ENGINE Bus EXITING
[01/Apr/2014:15:47:15] ENGINE Bus EXITED
[01/Apr/2014:15:47:15] ENGINE Waiting for child threads to terminate...
[01/Apr/2014:15:47:15] ENGINE Bus STARTING
[01/Apr/2014:15:47:15] ENGINE Started monitor thread '_TimeoutMonitor'.
[01/Apr/2014:15:47:15] ENGINE Serving on 127.0.0.1:8080
[01/Apr/2014:15:47:15] ENGINE Bus STARTED
[01/Apr/2014:15:47:45] ENGINE Keyboard Interrupt: shutting down bus
[01/Apr/2014:15:47:45] ENGINE Bus STOPPING
[01/Apr/2014:15:47:45] ENGINE HTTP Server cherrypy._cpwsgi_server.CPWSGIServer(('127.0.0.1', 8080)) shut down
[01/Apr/2014:15:47:45] ENGINE Stopped thread '_TimeoutMonitor'.
[01/Apr/2014:15:47:45] ENGINE Bus STOPPED
[01/Apr/2014:15:47:45] ENGINE Bus EXITING
[01/Apr/2014:15:47:45] ENGINE Bus EXITED
[01/Apr/2014:15:47:45] ENGINE Waiting for child threads to terminate...
[01/Apr/2014:15:47:45] ENGINE Bus STARTING
[01/Apr/2014:15:47:45] ENGINE Started monitor thread '_TimeoutMonitor'.
[01/Apr/2014:15:47:45] ENGINE Serving on 127.0.0.1:8080
[01/Apr/2014:15:47:45] ENGINE Bus STARTED
[01/Apr/2014:15:48:02] ENGINE Keyboard Interrupt: shutting down bus
[01/Apr/2014:15:48:02] ENGINE Bus STOPPING
[01/Apr/2014:15:48:05] ENGINE HTTP Server cherrypy._cpwsgi_server.CPWSGIServer(('127.0.0.1', 8080)) shut down
[01/Apr/2014:15:48:05] ENGINE Stopped thread '_TimeoutMonitor'.
[01/Apr/2014:15:48:05] ENGINE Bus STOPPED
[01/Apr/2014:15:48:05] ENGINE Bus EXITING
[01/Apr/2014:15:48:05] ENGINE Bus EXITED
[01/Apr/2014:15:48:05] ENGINE Waiting for child threads to terminate...
[01/Apr/2014:15:48:06] ENGINE Bus STARTING
[01/Apr/2014:15:48:06] ENGINE Started monitor thread '_TimeoutMonitor'.
[01/Apr/2014:15:48:06] ENGINE Serving on 127.0.0.1:8080
[01/Apr/2014:15:48:06] ENGINE Bus STARTED
[01/Apr/2014:15:48:31] ENGINE Keyboard Interrupt: shutting down bus
[01/Apr/2014:15:48:31] ENGINE Bus STOPPING
[01/Apr/2014:15:48:31] ENGINE HTTP Server cherrypy._cpwsgi_server.CPWSGIServer(('127.0.0.1', 8080)) shut down
[01/Apr/2014:15:48:31] ENGINE Stopped thread '_TimeoutMonitor'.
[01/Apr/2014:15:48:31] ENGINE Bus STOPPED
[01/Apr/2014:15:48:31] ENGINE Bus EXITING
[01/Apr/2014:15:48:31] ENGINE Bus EXITED
[01/Apr/2014:15:48:31] ENGINE Waiting for child threads to terminate...
[01/Apr/2014:15:48:42] ENGINE Bus STARTING
[01/Apr/2014:15:48:42] ENGINE Started monitor thread '_TimeoutMonitor'.
[01/Apr/2014:15:48:42] ENGINE Serving on 127.0.0.1:8080
[01/Apr/2014:15:48:42] ENGINE Bus STARTED
[01/Apr/2014:15:48:57] ENGINE Keyboard Interrupt: shutting down bus
[01/Apr/2014:15:48:57] ENGINE Bus STOPPING
[01/Apr/2014:15:48:57] ENGINE HTTP Server cherrypy._cpwsgi_server.CPWSGIServer(('127.0.0.1', 8080)) shut down
[01/Apr/2014:15:48:57] ENGINE Stopped thread '_TimeoutMonitor'.
[01/Apr/2014:15:48:57] ENGINE Bus STOPPED
[01/Apr/2014:15:48:57] ENGINE Bus EXITING
[01/Apr/2014:15:48:57] ENGINE Bus EXITED
[01/Apr/2014:15:48:57] ENGINE Waiting for child threads to terminate...
[01/Apr/2014:15:48:58] ENGINE Bus STARTING
[01/Apr/2014:15:48:58] ENGINE Started monitor thread '_TimeoutMonitor'.
[01/Apr/2014:15:48:58] ENGINE Serving on 127.0.0.1:8080
[01/Apr/2014:15:48:58] ENGINE Bus STARTED
[01/Apr/2014:15:49:29] ENGINE Keyboard Interrupt: shutting down bus
[01/Apr/2014:15:49:29] ENGINE Bus STOPPING
[01/Apr/2014:15:49:29] ENGINE HTTP Server cherrypy._cpwsgi_server.CPWSGIServer(('127.0.0.1', 8080)) shut down
[01/Apr/2014:15:49:29] ENGINE Stopped thread '_TimeoutMonitor'.
[01/Apr/2014:15:49:29] ENGINE Bus STOPPED
[01/Apr/2014:15:49:29] ENGINE Bus EXITING
[01/Apr/2014:15:49:29] ENGINE Bus EXITED
[01/Apr/2014:15:49:29] ENGINE Waiting for child threads to terminate...
[01/Apr/2014:15:49:29] ENGINE Bus STARTING
[01/Apr/2014:15:49:29] ENGINE Started monitor thread '_TimeoutMonitor'.
[01/Apr/2014:15:49:29] ENGINE Serving on 127.0.0.1:8080
[01/Apr/2014:15:49:29] ENGINE Bus STARTED
[01/Apr/2014:15:50:42] ENGINE Keyboard Interrupt: shutting down bus
[01/Apr/2014:15:50:42] ENGINE Bus STOPPING
[01/Apr/2014:15:50:42] ENGINE HTTP Server cherrypy._cpwsgi_server.CPWSGIServer(('127.0.0.1', 8080)) shut down
[01/Apr/2014:15:50:42] ENGINE Stopped thread '_TimeoutMonitor'.
[01/Apr/2014:15:50:42] ENGINE Bus STOPPED
[01/Apr/2014:15:50:42] ENGINE Bus EXITING
[01/Apr/2014:15:50:42] ENGINE Bus EXITED
[01/Apr/2014:15:50:42] ENGINE Waiting for child threads to terminate...
[01/Apr/2014:15:50:43] ENGINE Bus STARTING
[01/Apr/2014:15:50:43] ENGINE Started monitor thread '_TimeoutMonitor'.
[01/Apr/2014:15:50:43] ENGINE Serving on 127.0.0.1:8080
[01/Apr/2014:15:50:43] ENGINE Bus STARTED
[01/Apr/2014:15:52:52] ENGINE Keyboard Interrupt: shutting down bus
[01/Apr/2014:15:52:52] ENGINE Bus STOPPING
[01/Apr/2014:15:52:52] ENGINE HTTP Server cherrypy._cpwsgi_server.CPWSGIServer(('127.0.0.1', 8080)) shut down
[01/Apr/2014:15:52:52] ENGINE Stopped thread '_TimeoutMonitor'.
[01/Apr/2014:15:52:52] ENGINE Bus STOPPED
[01/Apr/2014:15:52:52] ENGINE Bus EXITING
[01/Apr/2014:15:52:52] ENGINE Bus EXITED
[01/Apr/2014:15:52:52] ENGINE Waiting for child threads to terminate...
[01/Apr/2014:15:52:53] ENGINE Bus STARTING
[01/Apr/2014:15:52:53] ENGINE Started monitor thread '_TimeoutMonitor'.
[01/Apr/2014:15:52:53] ENGINE Serving on 127.0.0.1:8080
[01/Apr/2014:15:52:53] ENGINE Bus STARTED
[01/Apr/2014:15:53:41] ENGINE Keyboard Interrupt: shutting down bus
[01/Apr/2014:15:53:41] ENGINE Bus STOPPING
[01/Apr/2014:15:53:46] ENGINE HTTP Server cherrypy._cpwsgi_server.CPWSGIServer(('127.0.0.1', 8080)) shut down
[01/Apr/2014:15:53:46] ENGINE Stopped thread '_TimeoutMonitor'.
[01/Apr/2014:15:53:46] ENGINE Bus STOPPED
[01/Apr/2014:15:53:46] ENGINE Bus EXITING
[01/Apr/2014:15:53:46] ENGINE Bus EXITED
[01/Apr/2014:15:53:46] ENGINE Waiting for child threads to terminate...
[01/Apr/2014:15:53:46] ENGINE Bus STARTING
[01/Apr/2014:15:53:46] ENGINE Started monitor thread '_TimeoutMonitor'.
[01/Apr/2014:15:53:46] ENGINE Serving on 127.0.0.1:8080
[01/Apr/2014:15:53:46] ENGINE Bus STARTED
[01/Apr/2014:17:24:22] ENGINE Keyboard Interrupt: shutting down bus
[01/Apr/2014:17:24:22] ENGINE Bus STOPPING
[01/Apr/2014:17:24:22] ENGINE HTTP Server cherrypy._cpwsgi_server.CPWSGIServer(('127.0.0.1', 8080)) shut down
[01/Apr/2014:17:24:22] ENGINE Stopped thread '_TimeoutMonitor'.
[01/Apr/2014:17:24:22] ENGINE Bus STOPPED
[01/Apr/2014:17:24:22] ENGINE Bus EXITING
[01/Apr/2014:17:24:22] ENGINE Bus EXITED
[01/Apr/2014:17:24:22] ENGINE Waiting for child threads to terminate...
[01/Apr/2014:17:25:16] ENGINE Bus STARTING
[01/Apr/2014:17:25:16] ENGINE Started monitor thread '_TimeoutMonitor'.
[01/Apr/2014:17:25:17] ENGINE Serving on 127.0.0.1:8080
[01/Apr/2014:17:25:17] ENGINE Bus STARTED
[01/Apr/2014:17:25:22] HTTP Traceback (most recent call last):
  File "/Library/Python/2.7/site-packages/cherrypy/_cprequest.py", line 656, in respond
    response.body = self.handler()
  File "/Library/Python/2.7/site-packages/cherrypy/lib/encoding.py", line 188, in __call__
    self.body = self.oldhandler(*args, **kwargs)
  File "/Library/Python/2.7/site-packages/cherrypy/_cpdispatch.py", line 34, in __call__
    return self.callable(*self.args, **self.kwargs)
  File "/Users/danmalone/Documents/Programming/2014/Python/DaftScraper/Cherry/ServeMe.py", line 29, in api
    return select_by_area('Dublin')
  File "/Users/danmalone/Documents/Programming/2014/Python/DaftScraper/Cherry/Miner/DataMiner.py", line 10, in select_by_area
    "select * From rentals where rentals.area =%s", area)
  File "/Library/Python/2.7/site-packages/MySQLdb/cursors.py", line 187, in execute
    query = query % tuple([db.literal(item) for item in args])
TypeError: not all arguments converted during string formatting

[01/Apr/2014:17:25:40] ENGINE Keyboard Interrupt: shutting down bus
[01/Apr/2014:17:25:40] ENGINE Bus STOPPING
[01/Apr/2014:17:25:40] ENGINE HTTP Server cherrypy._cpwsgi_server.CPWSGIServer(('127.0.0.1', 8080)) shut down
[01/Apr/2014:17:25:40] ENGINE Stopped thread '_TimeoutMonitor'.
[01/Apr/2014:17:25:40] ENGINE Bus STOPPED
[01/Apr/2014:17:25:40] ENGINE Bus EXITING
[01/Apr/2014:17:25:40] ENGINE Bus EXITED
[01/Apr/2014:17:25:40] ENGINE Waiting for child threads to terminate...
[01/Apr/2014:17:25:40] ENGINE Bus STARTING
[01/Apr/2014:17:25:40] ENGINE Started monitor thread '_TimeoutMonitor'.
[01/Apr/2014:17:25:40] ENGINE Serving on 127.0.0.1:8080
[01/Apr/2014:17:25:40] ENGINE Bus STARTED
[01/Apr/2014:17:25:44] HTTP Traceback (most recent call last):
  File "/Library/Python/2.7/site-packages/cherrypy/_cprequest.py", line 656, in respond
    response.body = self.handler()
  File "/Library/Python/2.7/site-packages/cherrypy/lib/encoding.py", line 188, in __call__
    self.body = self.oldhandler(*args, **kwargs)
  File "/Library/Python/2.7/site-packages/cherrypy/_cpdispatch.py", line 34, in __call__
    return self.callable(*self.args, **self.kwargs)
  File "/Users/danmalone/Documents/Programming/2014/Python/DaftScraper/Cherry/ServeMe.py", line 29, in api
    return select_by_area('Dublin')
  File "/Users/danmalone/Documents/Programming/2014/Python/DaftScraper/Cherry/Miner/DataMiner.py", line 10, in select_by_area
    "select * From rentals where rentals.area =%s", area)
  File "/Library/Python/2.7/site-packages/MySQLdb/cursors.py", line 187, in execute
    query = query % tuple([db.literal(item) for item in args])
TypeError: not all arguments converted during string formatting

[01/Apr/2014:17:26:33] ENGINE Keyboard Interrupt: shutting down bus
[01/Apr/2014:17:26:33] ENGINE Bus STOPPING
[01/Apr/2014:17:26:33] ENGINE HTTP Server cherrypy._cpwsgi_server.CPWSGIServer(('127.0.0.1', 8080)) shut down
[01/Apr/2014:17:26:33] ENGINE Stopped thread '_TimeoutMonitor'.
[01/Apr/2014:17:26:33] ENGINE Bus STOPPED
[01/Apr/2014:17:26:33] ENGINE Bus EXITING
[01/Apr/2014:17:26:33] ENGINE Bus EXITED
[01/Apr/2014:17:26:33] ENGINE Waiting for child threads to terminate...
[01/Apr/2014:17:26:33] ENGINE Bus STARTING
[01/Apr/2014:17:26:33] ENGINE Started monitor thread '_TimeoutMonitor'.
[01/Apr/2014:17:26:33] ENGINE Serving on 127.0.0.1:8080
[01/Apr/2014:17:26:33] ENGINE Bus STARTED
[01/Apr/2014:17:26:35] HTTP Traceback (most recent call last):
  File "/Library/Python/2.7/site-packages/cherrypy/_cprequest.py", line 656, in respond
    response.body = self.handler()
  File "/Library/Python/2.7/site-packages/cherrypy/lib/encoding.py", line 188, in __call__
    self.body = self.oldhandler(*args, **kwargs)
  File "/Library/Python/2.7/site-packages/cherrypy/_cpdispatch.py", line 34, in __call__
    return self.callable(*self.args, **self.kwargs)
  File "/Users/danmalone/Documents/Programming/2014/Python/DaftScraper/Cherry/ServeMe.py", line 29, in api
    return select_by_area('Dublin')
  File "/Users/danmalone/Documents/Programming/2014/Python/DaftScraper/Cherry/Miner/DataMiner.py", line 10, in select_by_area
    "select * From rentals where rentals.area =%s", area,)
  File "/Library/Python/2.7/site-packages/MySQLdb/cursors.py", line 187, in execute
    query = query % tuple([db.literal(item) for item in args])
TypeError: not all arguments converted during string formatting

[01/Apr/2014:17:27:50] ENGINE Keyboard Interrupt: shutting down bus
[01/Apr/2014:17:27:50] ENGINE Bus STOPPING
[01/Apr/2014:17:27:50] ENGINE HTTP Server cherrypy._cpwsgi_server.CPWSGIServer(('127.0.0.1', 8080)) shut down
[01/Apr/2014:17:27:50] ENGINE Stopped thread '_TimeoutMonitor'.
[01/Apr/2014:17:27:50] ENGINE Bus STOPPED
[01/Apr/2014:17:27:50] ENGINE Bus EXITING
[01/Apr/2014:17:27:50] ENGINE Bus EXITED
[01/Apr/2014:17:27:50] ENGINE Waiting for child threads to terminate...
[01/Apr/2014:17:27:51] ENGINE Bus STARTING
[01/Apr/2014:17:27:51] ENGINE Started monitor thread '_TimeoutMonitor'.
[01/Apr/2014:17:27:51] ENGINE Serving on 127.0.0.1:8080
[01/Apr/2014:17:27:51] ENGINE Bus STARTED
[01/Apr/2014:17:27:54] HTTP Traceback (most recent call last):
  File "/Library/Python/2.7/site-packages/cherrypy/_cprequest.py", line 656, in respond
    response.body = self.handler()
  File "/Library/Python/2.7/site-packages/cherrypy/lib/encoding.py", line 188, in __call__
    self.body = self.oldhandler(*args, **kwargs)
  File "/Library/Python/2.7/site-packages/cherrypy/_cpdispatch.py", line 34, in __call__
    return self.callable(*self.args, **self.kwargs)
  File "/Users/danmalone/Documents/Programming/2014/Python/DaftScraper/Cherry/ServeMe.py", line 29, in api
    return select_by_area('Dublin')
  File "/Users/danmalone/Documents/Programming/2014/Python/DaftScraper/Cherry/Miner/DataMiner.py", line 16, in select_by_area
    item['area'] = result['area']
TypeError: 'NoneType' object has no attribute '__getitem__'

[01/Apr/2014:17:28:19] HTTP Traceback (most recent call last):
  File "/Library/Python/2.7/site-packages/cherrypy/_cprequest.py", line 656, in respond
    response.body = self.handler()
  File "/Library/Python/2.7/site-packages/cherrypy/lib/encoding.py", line 188, in __call__
    self.body = self.oldhandler(*args, **kwargs)
  File "/Library/Python/2.7/site-packages/cherrypy/_cpdispatch.py", line 34, in __call__
    return self.callable(*self.args, **self.kwargs)
  File "/Users/danmalone/Documents/Programming/2014/Python/DaftScraper/Cherry/ServeMe.py", line 29, in api
    return select_by_area('Dublin')
  File "/Users/danmalone/Documents/Programming/2014/Python/DaftScraper/Cherry/Miner/DataMiner.py", line 16, in select_by_area
    item['area'] = result['area']
TypeError: 'NoneType' object has no attribute '__getitem__'

[01/Apr/2014:17:28:22] ENGINE Keyboard Interrupt: shutting down bus
[01/Apr/2014:17:28:22] ENGINE Bus STOPPING
[01/Apr/2014:17:28:27] ENGINE HTTP Server cherrypy._cpwsgi_server.CPWSGIServer(('127.0.0.1', 8080)) shut down
[01/Apr/2014:17:28:27] ENGINE Stopped thread '_TimeoutMonitor'.
[01/Apr/2014:17:28:27] ENGINE Bus STOPPED
[01/Apr/2014:17:28:27] ENGINE Bus EXITING
[01/Apr/2014:17:28:27] ENGINE Bus EXITED
[01/Apr/2014:17:28:27] ENGINE Waiting for child threads to terminate...
[01/Apr/2014:17:28:31] ENGINE Bus STARTING
[01/Apr/2014:17:28:31] ENGINE Started monitor thread '_TimeoutMonitor'.
[01/Apr/2014:17:28:31] ENGINE Serving on 127.0.0.1:8080
[01/Apr/2014:17:28:31] ENGINE Bus STARTED
[01/Apr/2014:17:30:07] ENGINE Bus STARTING
[01/Apr/2014:17:30:07] ENGINE Started monitor thread '_TimeoutMonitor'.
[01/Apr/2014:17:30:08] ENGINE Serving on 127.0.0.1:8080
[01/Apr/2014:17:30:08] ENGINE Bus STARTED
[01/Apr/2014:17:30:53] ENGINE Bus STARTING
[01/Apr/2014:17:30:53] ENGINE Started monitor thread '_TimeoutMonitor'.
[01/Apr/2014:17:30:53] ENGINE Serving on 127.0.0.1:8080
[01/Apr/2014:17:30:53] ENGINE Bus STARTED
[01/Apr/2014:17:31:31] ENGINE Bus STARTING
[01/Apr/2014:17:31:31] ENGINE Started monitor thread '_TimeoutMonitor'.
[01/Apr/2014:17:31:31] ENGINE Serving on 127.0.0.1:8080
[01/Apr/2014:17:31:31] ENGINE Bus STARTED
[01/Apr/2014:17:31:35] HTTP Traceback (most recent call last):
  File "/Library/Python/2.7/site-packages/cherrypy/_cprequest.py", line 656, in respond
    response.body = self.handler()
  File "/Library/Python/2.7/site-packages/cherrypy/lib/encoding.py", line 188, in __call__
    self.body = self.oldhandler(*args, **kwargs)
  File "/Library/Python/2.7/site-packages/cherrypy/_cpdispatch.py", line 34, in __call__
    return self.callable(*self.args, **self.kwargs)
  File "/Users/danmalone/Documents/Programming/2014/Python/DaftScraper/Cherry/ServeMe.py", line 29, in api
    return select_by_area("Dublin")
  File "/Users/danmalone/Documents/Programming/2014/Python/DaftScraper/Cherry/Miner/DataMiner.py", line 10, in select_by_area
    "select * From rentals where area = %s", (area,""))
  File "/Library/Python/2.7/site-packages/MySQLdb/cursors.py", line 187, in execute
    query = query % tuple([db.literal(item) for item in args])
TypeError: not all arguments converted during string formatting

[01/Apr/2014:17:32:34] ENGINE Bus STARTING
[01/Apr/2014:17:32:34] ENGINE Started monitor thread '_TimeoutMonitor'.
[01/Apr/2014:17:32:34] ENGINE Serving on 127.0.0.1:8080
[01/Apr/2014:17:32:34] ENGINE Bus STARTED
[01/Apr/2014:17:32:36] HTTP Traceback (most recent call last):
  File "/Library/Python/2.7/site-packages/cherrypy/_cprequest.py", line 656, in respond
    response.body = self.handler()
  File "/Library/Python/2.7/site-packages/cherrypy/lib/encoding.py", line 188, in __call__
    self.body = self.oldhandler(*args, **kwargs)
  File "/Library/Python/2.7/site-packages/cherrypy/_cpdispatch.py", line 34, in __call__
    return self.callable(*self.args, **self.kwargs)
  File "/Users/danmalone/Documents/Programming/2014/Python/DaftScraper/Cherry/ServeMe.py", line 29, in api
    return select_by_area("Dublin")
  File "/Users/danmalone/Documents/Programming/2014/Python/DaftScraper/Cherry/Miner/DataMiner.py", line 10, in select_by_area
    "select * From rentals where area = {}".format(area))
  File "/Library/Python/2.7/site-packages/MySQLdb/cursors.py", line 205, in execute
    self.errorhandler(self, exc, value)
  File "/Library/Python/2.7/site-packages/MySQLdb/connections.py", line 36, in defaulterrorhandler
    raise errorclass, errorvalue
OperationalError: (1054, "Unknown column 'Dublin' in 'where clause'")

[01/Apr/2014:17:34:01] HTTP Traceback (most recent call last):
  File "/Library/Python/2.7/site-packages/cherrypy/_cprequest.py", line 656, in respond
    response.body = self.handler()
  File "/Library/Python/2.7/site-packages/cherrypy/lib/encoding.py", line 188, in __call__
    self.body = self.oldhandler(*args, **kwargs)
  File "/Library/Python/2.7/site-packages/cherrypy/_cpdispatch.py", line 34, in __call__
    return self.callable(*self.args, **self.kwargs)
  File "/Users/danmalone/Documents/Programming/2014/Python/DaftScraper/Cherry/ServeMe.py", line 29, in api
    return select_by_area("Dublin")
  File "/Users/danmalone/Documents/Programming/2014/Python/DaftScraper/Cherry/Miner/DataMiner.py", line 10, in select_by_area
    "select * From rentals where area = {0}".format(area))
  File "/Library/Python/2.7/site-packages/MySQLdb/cursors.py", line 205, in execute
    self.errorhandler(self, exc, value)
  File "/Library/Python/2.7/site-packages/MySQLdb/connections.py", line 36, in defaulterrorhandler
    raise errorclass, errorvalue
OperationalError: (1054, "Unknown column 'Dublin' in 'where clause'")

[01/Apr/2014:17:34:09] ENGINE Bus STARTING
[01/Apr/2014:17:34:09] ENGINE Started monitor thread '_TimeoutMonitor'.
[01/Apr/2014:17:34:09] ENGINE Serving on 127.0.0.1:8080
[01/Apr/2014:17:34:09] ENGINE Bus STARTED
[01/Apr/2014:17:34:13] HTTP Traceback (most recent call last):
  File "/Library/Python/2.7/site-packages/cherrypy/_cprequest.py", line 656, in respond
    response.body = self.handler()
  File "/Library/Python/2.7/site-packages/cherrypy/lib/encoding.py", line 188, in __call__
    self.body = self.oldhandler(*args, **kwargs)
  File "/Library/Python/2.7/site-packages/cherrypy/_cpdispatch.py", line 34, in __call__
    return self.callable(*self.args, **self.kwargs)
  File "/Users/danmalone/Documents/Programming/2014/Python/DaftScraper/Cherry/ServeMe.py", line 29, in api
    return select_by_area("Dublin")
  File "/Users/danmalone/Documents/Programming/2014/Python/DaftScraper/Cherry/Miner/DataMiner.py", line 10, in select_by_area
    "select * From rentals where area = {0}".format(area))
  File "/Library/Python/2.7/site-packages/MySQLdb/cursors.py", line 205, in execute
    self.errorhandler(self, exc, value)
  File "/Library/Python/2.7/site-packages/MySQLdb/connections.py", line 36, in defaulterrorhandler
    raise errorclass, errorvalue
OperationalError: (1054, "Unknown column 'Dublin' in 'where clause'")

[01/Apr/2014:17:34:31] ENGINE Bus STARTING
[01/Apr/2014:17:34:31] ENGINE Started monitor thread '_TimeoutMonitor'.
[01/Apr/2014:17:34:31] ENGINE Serving on 127.0.0.1:8080
[01/Apr/2014:17:34:31] ENGINE Bus STARTED
[01/Apr/2014:17:34:32] HTTP Traceback (most recent call last):
  File "/Library/Python/2.7/site-packages/cherrypy/_cprequest.py", line 656, in respond
    response.body = self.handler()
  File "/Library/Python/2.7/site-packages/cherrypy/lib/encoding.py", line 188, in __call__
    self.body = self.oldhandler(*args, **kwargs)
  File "/Library/Python/2.7/site-packages/cherrypy/_cpdispatch.py", line 34, in __call__
    return self.callable(*self.args, **self.kwargs)
  File "/Users/danmalone/Documents/Programming/2014/Python/DaftScraper/Cherry/ServeMe.py", line 29, in api
    return select_by_area("Dublin")
  File "/Users/danmalone/Documents/Programming/2014/Python/DaftScraper/Cherry/Miner/DataMiner.py", line 10, in select_by_area
    "select * From rentals where area={0}".format(area))
  File "/Library/Python/2.7/site-packages/MySQLdb/cursors.py", line 205, in execute
    self.errorhandler(self, exc, value)
  File "/Library/Python/2.7/site-packages/MySQLdb/connections.py", line 36, in defaulterrorhandler
    raise errorclass, errorvalue
OperationalError: (1054, "Unknown column 'Dublin' in 'where clause'")

[01/Apr/2014:17:34:34] HTTP Traceback (most recent call last):
  File "/Library/Python/2.7/site-packages/cherrypy/_cprequest.py", line 656, in respond
    response.body = self.handler()
  File "/Library/Python/2.7/site-packages/cherrypy/lib/encoding.py", line 188, in __call__
    self.body = self.oldhandler(*args, **kwargs)
  File "/Library/Python/2.7/site-packages/cherrypy/_cpdispatch.py", line 34, in __call__
    return self.callable(*self.args, **self.kwargs)
  File "/Users/danmalone/Documents/Programming/2014/Python/DaftScraper/Cherry/ServeMe.py", line 29, in api
    return select_by_area("Dublin")
  File "/Users/danmalone/Documents/Programming/2014/Python/DaftScraper/Cherry/Miner/DataMiner.py", line 10, in select_by_area
    "select * From rentals where area={0}".format(area))
  File "/Library/Python/2.7/site-packages/MySQLdb/cursors.py", line 205, in execute
    self.errorhandler(self, exc, value)
  File "/Library/Python/2.7/site-packages/MySQLdb/connections.py", line 36, in defaulterrorhandler
    raise errorclass, errorvalue
OperationalError: (1054, "Unknown column 'Dublin' in 'where clause'")

[01/Apr/2014:17:36:35] ENGINE Bus STARTING
[01/Apr/2014:17:36:35] ENGINE Started monitor thread '_TimeoutMonitor'.
[01/Apr/2014:17:36:36] ENGINE Serving on 127.0.0.1:8080
[01/Apr/2014:17:36:36] ENGINE Bus STARTED
[01/Apr/2014:17:37:04] HTTP Traceback (most recent call last):
  File "/Library/Python/2.7/site-packages/cherrypy/_cprequest.py", line 656, in respond
    response.body = self.handler()
  File "/Library/Python/2.7/site-packages/cherrypy/lib/encoding.py", line 188, in __call__
    self.body = self.oldhandler(*args, **kwargs)
  File "/Library/Python/2.7/site-packages/cherrypy/_cpdispatch.py", line 34, in __call__
    return self.callable(*self.args, **self.kwargs)
  File "/Users/danmalone/Documents/Programming/2014/Python/DaftScraper/Cherry/ServeMe.py", line 29, in api
    return select_by_area("Dublin")
  File "/Users/danmalone/Documents/Programming/2014/Python/DaftScraper/Cherry/Miner/DataMiner.py", line 10, in select_by_area
    "select * From rentals where area={0}".format(area_name))
  File "/Library/Python/2.7/site-packages/MySQLdb/cursors.py", line 205, in execute
    self.errorhandler(self, exc, value)
  File "/Library/Python/2.7/site-packages/MySQLdb/connections.py", line 36, in defaulterrorhandler
    raise errorclass, errorvalue
OperationalError: (1054, "Unknown column 'Dublin' in 'where clause'")

[01/Apr/2014:17:37:32] ENGINE Bus STARTING
[01/Apr/2014:17:37:32] ENGINE Started monitor thread '_TimeoutMonitor'.
[01/Apr/2014:17:37:32] ENGINE Serving on 127.0.0.1:8080
[01/Apr/2014:17:37:32] ENGINE Bus STARTED
[01/Apr/2014:17:37:50] HTTP Traceback (most recent call last):
  File "/Library/Python/2.7/site-packages/cherrypy/_cprequest.py", line 656, in respond
    response.body = self.handler()
  File "/Library/Python/2.7/site-packages/cherrypy/lib/encoding.py", line 188, in __call__
    self.body = self.oldhandler(*args, **kwargs)
  File "/Library/Python/2.7/site-packages/cherrypy/_cpdispatch.py", line 34, in __call__
    return self.callable(*self.args, **self.kwargs)
  File "/Users/danmalone/Documents/Programming/2014/Python/DaftScraper/Cherry/ServeMe.py", line 29, in api
    return select_by_area("Dublin")
  File "/Users/danmalone/Documents/Programming/2014/Python/DaftScraper/Cherry/Miner/DataMiner.py", line 10, in select_by_area
    "select * From rentals where Area={0}".format(area_name))
  File "/Library/Python/2.7/site-packages/MySQLdb/cursors.py", line 205, in execute
    self.errorhandler(self, exc, value)
  File "/Library/Python/2.7/site-packages/MySQLdb/connections.py", line 36, in defaulterrorhandler
    raise errorclass, errorvalue
OperationalError: (1054, "Unknown column 'Dublin' in 'where clause'")

[01/Apr/2014:17:38:47] ENGINE Bus STARTING
[01/Apr/2014:17:38:47] ENGINE Started monitor thread '_TimeoutMonitor'.
[01/Apr/2014:17:38:47] ENGINE Serving on 127.0.0.1:8080
[01/Apr/2014:17:38:47] ENGINE Bus STARTED
[01/Apr/2014:17:38:51] HTTP Traceback (most recent call last):
  File "/Library/Python/2.7/site-packages/cherrypy/_cprequest.py", line 656, in respond
    response.body = self.handler()
  File "/Library/Python/2.7/site-packages/cherrypy/lib/encoding.py", line 188, in __call__
    self.body = self.oldhandler(*args, **kwargs)
  File "/Library/Python/2.7/site-packages/cherrypy/_cpdispatch.py", line 34, in __call__
    return self.callable(*self.args, **self.kwargs)
  File "/Users/danmalone/Documents/Programming/2014/Python/DaftScraper/Cherry/ServeMe.py", line 29, in api
    return select_by_area("Dublin")
  File "/Users/danmalone/Documents/Programming/2014/Python/DaftScraper/Cherry/Miner/DataMiner.py", line 10, in select_by_area
    "select * From rentals where Area values %s", (area_name,))
  File "/Library/Python/2.7/site-packages/MySQLdb/cursors.py", line 205, in execute
    self.errorhandler(self, exc, value)
  File "/Library/Python/2.7/site-packages/MySQLdb/connections.py", line 36, in defaulterrorhandler
    raise errorclass, errorvalue
ProgrammingError: (1064, "You have an error in your SQL syntax; check the manual that corresponds to your MySQL server version for the right syntax to use near 'values 'Dublin'' at line 1")

[01/Apr/2014:17:39:16] ENGINE Bus STARTING
[01/Apr/2014:17:39:16] ENGINE Started monitor thread '_TimeoutMonitor'.
[01/Apr/2014:17:39:16] ENGINE Serving on 127.0.0.1:8080
[01/Apr/2014:17:39:16] ENGINE Bus STARTED
[01/Apr/2014:17:39:54] ENGINE Bus STARTING
[01/Apr/2014:17:39:54] ENGINE Started monitor thread '_TimeoutMonitor'.
[01/Apr/2014:17:39:54] ENGINE Serving on 127.0.0.1:8080
[01/Apr/2014:17:39:54] ENGINE Bus STARTED
[01/Apr/2014:17:40:21] ENGINE Bus STARTING
[01/Apr/2014:17:40:21] ENGINE Started monitor thread '_TimeoutMonitor'.
[01/Apr/2014:17:40:21] ENGINE Serving on 127.0.0.1:8080
[01/Apr/2014:17:40:21] ENGINE Bus STARTED
[01/Apr/2014:17:40:56] ENGINE Bus STARTING
[01/Apr/2014:17:40:56] ENGINE Started monitor thread '_TimeoutMonitor'.
[01/Apr/2014:17:40:56] ENGINE Serving on 127.0.0.1:8080
[01/Apr/2014:17:40:56] ENGINE Bus STARTED
[01/Apr/2014:17:41:10] ENGINE Bus STARTING
[01/Apr/2014:17:41:10] ENGINE Started monitor thread '_TimeoutMonitor'.
[01/Apr/2014:17:41:10] ENGINE Serving on 127.0.0.1:8080
[01/Apr/2014:17:41:10] ENGINE Bus STARTED
[01/Apr/2014:17:41:30] ENGINE Bus STARTING
[01/Apr/2014:17:41:30] ENGINE Started monitor thread '_TimeoutMonitor'.
[01/Apr/2014:17:41:30] ENGINE Serving on 127.0.0.1:8080
[01/Apr/2014:17:41:30] ENGINE Bus STARTED
[01/Apr/2014:17:41:41] ENGINE Bus STARTING
[01/Apr/2014:17:41:41] ENGINE Started monitor thread '_TimeoutMonitor'.
[01/Apr/2014:17:41:41] ENGINE Serving on 127.0.0.1:8080
[01/Apr/2014:17:41:41] ENGINE Bus STARTED
[01/Apr/2014:17:42:04] ENGINE Bus STARTING
[01/Apr/2014:17:42:04] ENGINE Started monitor thread '_TimeoutMonitor'.
[01/Apr/2014:17:42:05] ENGINE Serving on 127.0.0.1:8080
[01/Apr/2014:17:42:05] ENGINE Bus STARTED
[01/Apr/2014:17:42:15] ENGINE Bus STARTING
[01/Apr/2014:17:42:15] ENGINE Started monitor thread '_TimeoutMonitor'.
[01/Apr/2014:17:42:15] ENGINE Serving on 127.0.0.1:8080
[01/Apr/2014:17:42:15] ENGINE Bus STARTED
[01/Apr/2014:17:43:12] ENGINE Bus STARTING
[01/Apr/2014:17:43:12] ENGINE Started monitor thread '_TimeoutMonitor'.
[01/Apr/2014:17:43:12] ENGINE Serving on 127.0.0.1:8080
[01/Apr/2014:17:43:12] ENGINE Bus STARTED
[01/Apr/2014:17:43:32] ENGINE Bus STARTING
[01/Apr/2014:17:43:32] ENGINE Started monitor thread '_TimeoutMonitor'.
[01/Apr/2014:17:43:32] ENGINE Serving on 127.0.0.1:8080
[01/Apr/2014:17:43:32] ENGINE Bus STARTED
[01/Apr/2014:17:47:14] ENGINE Bus STARTING
[01/Apr/2014:17:47:14] ENGINE Started monitor thread '_TimeoutMonitor'.
[01/Apr/2014:17:47:14] ENGINE Serving on 127.0.0.1:8080
[01/Apr/2014:17:47:14] ENGINE Bus STARTED
[01/Apr/2014:17:48:08] ENGINE Bus STARTING
[01/Apr/2014:17:48:08] ENGINE Started monitor thread '_TimeoutMonitor'.
[01/Apr/2014:17:48:08] ENGINE Serving on 127.0.0.1:8080
[01/Apr/2014:17:48:08] ENGINE Bus STARTED
[01/Apr/2014:17:56:17] ENGINE Bus STARTING
[01/Apr/2014:17:56:17] ENGINE Started monitor thread '_TimeoutMonitor'.
[01/Apr/2014:17:56:17] ENGINE Serving on 127.0.0.1:8080
[01/Apr/2014:17:56:17] ENGINE Bus STARTED
[01/Apr/2014:17:56:22] HTTP Traceback (most recent call last):
  File "/Library/Python/2.7/site-packages/cherrypy/_cprequest.py", line 656, in respond
    response.body = self.handler()
  File "/Library/Python/2.7/site-packages/cherrypy/lib/encoding.py", line 188, in __call__
    self.body = self.oldhandler(*args, **kwargs)
  File "/Library/Python/2.7/site-packages/cherrypy/_cpdispatch.py", line 34, in __call__
    return self.callable(*self.args, **self.kwargs)
  File "/Users/danmalone/Documents/Programming/2014/Python/DaftScraper/Cherry/ServeMe.py", line 31, in api
    item['type'] = 'House'
  File "/Library/Python/2.7/site-packages/scrapy/item.py", line 57, in __setitem__
    (self.__class__.__name__, key))
KeyError: 'DaftscrapApiItem does not support field: type'

[01/Apr/2014:17:56:55] ENGINE Bus STARTING
[01/Apr/2014:17:56:55] ENGINE Started monitor thread '_TimeoutMonitor'.
[01/Apr/2014:17:56:57] ENGINE Serving on 127.0.0.1:8080
[01/Apr/2014:17:56:57] ENGINE Bus STARTED
[01/Apr/2014:17:57:00] HTTP Traceback (most recent call last):
  File "/Library/Python/2.7/site-packages/cherrypy/_cprequest.py", line 656, in respond
    response.body = self.handler()
  File "/Library/Python/2.7/site-packages/cherrypy/lib/encoding.py", line 188, in __call__
    self.body = self.oldhandler(*args, **kwargs)
  File "/Library/Python/2.7/site-packages/cherrypy/_cpdispatch.py", line 34, in __call__
    return self.callable(*self.args, **self.kwargs)
  File "/Users/danmalone/Documents/Programming/2014/Python/DaftScraper/Cherry/ServeMe.py", line 32, in api
    item['Address'] = 'Abbotts Hill, Coast Road, Malahide, Co. Dublin'
  File "/Library/Python/2.7/site-packages/scrapy/item.py", line 57, in __setitem__
    (self.__class__.__name__, key))
KeyError: 'DaftscrapedItem does not support field: Address'

[01/Apr/2014:17:57:21] ENGINE Bus STARTING
[01/Apr/2014:17:57:21] ENGINE Started monitor thread '_TimeoutMonitor'.
[01/Apr/2014:17:57:21] ENGINE Serving on 127.0.0.1:8080
[01/Apr/2014:17:57:21] ENGINE Bus STARTED
[01/Apr/2014:17:58:13] HTTP Traceback (most recent call last):
  File "/Library/Python/2.7/site-packages/cherrypy/_cprequest.py", line 656, in respond
    response.body = self.handler()
  File "/Library/Python/2.7/site-packages/cherrypy/lib/encoding.py", line 188, in __call__
    self.body = self.oldhandler(*args, **kwargs)
  File "/Library/Python/2.7/site-packages/cherrypy/_cpdispatch.py", line 34, in __call__
    return self.callable(*self.args, **self.kwargs)
  File "/Users/danmalone/Documents/Programming/2014/Python/DaftScraper/Cherry/ServeMe.py", line 33, in api
    return select_by_county("Dublin")
  File "/Users/danmalone/Documents/Programming/2014/Python/DaftScraper/Cherry/Miner/DataMiner.py", line 23, in select_by_county
    while result is not None:
NameError: global name 'result' is not defined

[01/Apr/2014:17:59:32] ENGINE Bus STARTING
[01/Apr/2014:17:59:32] ENGINE Started monitor thread '_TimeoutMonitor'.
[01/Apr/2014:17:59:32] ENGINE Serving on 127.0.0.1:8080
[01/Apr/2014:17:59:32] ENGINE Bus STARTED
[01/Apr/2014:17:59:48] ENGINE Bus STARTING
[01/Apr/2014:17:59:48] ENGINE Started monitor thread '_TimeoutMonitor'.
[01/Apr/2014:17:59:48] ENGINE Serving on 127.0.0.1:8080
[01/Apr/2014:17:59:48] ENGINE Bus STARTED
[01/Apr/2014:18:01:42] ENGINE Bus STARTING
[01/Apr/2014:18:01:42] ENGINE Started monitor thread '_TimeoutMonitor'.
[01/Apr/2014:18:01:42] ENGINE Serving on 127.0.0.1:8080
[01/Apr/2014:18:01:42] ENGINE Bus STARTED
[01/Apr/2014:18:02:57] ENGINE Bus STARTING
[01/Apr/2014:18:02:57] ENGINE Started monitor thread '_TimeoutMonitor'.
[01/Apr/2014:18:02:57] ENGINE Serving on 127.0.0.1:8080
[01/Apr/2014:18:02:57] ENGINE Bus STARTED
[01/Apr/2014:18:04:08] ENGINE Bus STARTING
[01/Apr/2014:18:04:08] ENGINE Started monitor thread '_TimeoutMonitor'.
[01/Apr/2014:18:04:08] ENGINE Serving on 127.0.0.1:8080
[01/Apr/2014:18:04:08] ENGINE Bus STARTED
[01/Apr/2014:18:04:59] ENGINE Bus STARTING
[01/Apr/2014:18:04:59] ENGINE Started monitor thread '_TimeoutMonitor'.
[01/Apr/2014:18:04:59] ENGINE Serving on 127.0.0.1:8080
[01/Apr/2014:18:04:59] ENGINE Bus STARTED
[01/Apr/2014:18:05:56] ENGINE Bus STARTING
[01/Apr/2014:18:05:56] ENGINE Started monitor thread '_TimeoutMonitor'.
[01/Apr/2014:18:05:56] ENGINE Serving on 127.0.0.1:8080
[01/Apr/2014:18:05:56] ENGINE Bus STARTED
[01/Apr/2014:18:06:46] ENGINE Bus STARTING
[01/Apr/2014:18:06:46] ENGINE Started monitor thread '_TimeoutMonitor'.
[01/Apr/2014:18:06:51] ENGINE Error in 'start' listener <bound method Server.start of <cherrypy._cpserver.Server object at 0x1063f5790>>
Traceback (most recent call last):
  File "/Library/Python/2.7/site-packages/cherrypy/process/wspbus.py", line 197, in publish
    output.append(listener(*args, **kwargs))
  File "/Library/Python/2.7/site-packages/cherrypy/_cpserver.py", line 151, in start
    ServerAdapter.start(self)
  File "/Library/Python/2.7/site-packages/cherrypy/process/servers.py", line 168, in start
    wait_for_free_port(*self.bind_addr)
  File "/Library/Python/2.7/site-packages/cherrypy/process/servers.py", line 412, in wait_for_free_port
    raise IOError("Port %r not free on %r" % (port, host))
IOError: Port 8080 not free on '127.0.0.1'

[01/Apr/2014:18:06:51] ENGINE Shutting down due to error in start listener:
Traceback (most recent call last):
  File "/Library/Python/2.7/site-packages/cherrypy/process/wspbus.py", line 235, in start
    self.publish('start')
  File "/Library/Python/2.7/site-packages/cherrypy/process/wspbus.py", line 215, in publish
    raise exc
ChannelFailures: IOError("Port 8080 not free on '127.0.0.1'",)

[01/Apr/2014:18:06:51] ENGINE Bus STOPPING
[01/Apr/2014:18:06:51] ENGINE HTTP Server cherrypy._cpwsgi_server.CPWSGIServer(('127.0.0.1', 8080)) already shut down
[01/Apr/2014:18:06:51] ENGINE Stopped thread '_TimeoutMonitor'.
[01/Apr/2014:18:06:51] ENGINE Bus STOPPED
[01/Apr/2014:18:06:51] ENGINE Bus EXITING
[01/Apr/2014:18:06:51] ENGINE Bus EXITED
[01/Apr/2014:18:08:20] ENGINE Bus STARTING
[01/Apr/2014:18:08:20] ENGINE Started monitor thread '_TimeoutMonitor'.
[01/Apr/2014:18:08:20] ENGINE Serving on 127.0.0.1:8080
[01/Apr/2014:18:08:20] ENGINE Bus STARTED
[01/Apr/2014:18:11:08] ENGINE Bus STARTING
[01/Apr/2014:18:11:08] ENGINE Started monitor thread '_TimeoutMonitor'.
[01/Apr/2014:18:11:08] ENGINE Serving on 127.0.0.1:8080
[01/Apr/2014:18:11:08] ENGINE Bus STARTED
[01/Apr/2014:18:12:35] ENGINE Bus STARTING
[01/Apr/2014:18:12:35] ENGINE Started monitor thread '_TimeoutMonitor'.
[01/Apr/2014:18:12:35] ENGINE Serving on 127.0.0.1:8080
[01/Apr/2014:18:12:35] ENGINE Bus STARTED
[01/Apr/2014:18:13:18] ENGINE Bus STARTING
[01/Apr/2014:18:13:18] ENGINE Started monitor thread '_TimeoutMonitor'.
[01/Apr/2014:18:13:18] ENGINE Serving on 127.0.0.1:8080
[01/Apr/2014:18:13:18] ENGINE Bus STARTED
[01/Apr/2014:18:14:07] ENGINE Bus STARTING
[01/Apr/2014:18:14:07] ENGINE Started monitor thread '_TimeoutMonitor'.
[01/Apr/2014:18:14:07] ENGINE Serving on 127.0.0.1:8080
[01/Apr/2014:18:14:07] ENGINE Bus STARTED
[01/Apr/2014:18:14:40] ENGINE Bus STARTING
[01/Apr/2014:18:14:40] ENGINE Started monitor thread '_TimeoutMonitor'.
[01/Apr/2014:18:14:40] ENGINE Serving on 127.0.0.1:8080
[01/Apr/2014:18:14:40] ENGINE Bus STARTED
[01/Apr/2014:18:15:18] ENGINE Bus STARTING
[01/Apr/2014:18:15:18] ENGINE Started monitor thread '_TimeoutMonitor'.
[01/Apr/2014:18:15:18] ENGINE Serving on 127.0.0.1:8080
[01/Apr/2014:18:15:18] ENGINE Bus STARTED
[01/Apr/2014:18:15:57] ENGINE Bus STARTING
[01/Apr/2014:18:15:57] ENGINE Started monitor thread '_TimeoutMonitor'.
[01/Apr/2014:18:15:57] ENGINE Serving on 127.0.0.1:8080
[01/Apr/2014:18:15:57] ENGINE Bus STARTED
[01/Apr/2014:18:16:07] HTTP Traceback (most recent call last):
  File "/Library/Python/2.7/site-packages/cherrypy/_cprequest.py", line 656, in respond
    response.body = self.handler()
  File "/Library/Python/2.7/site-packages/cherrypy/lib/encoding.py", line 188, in __call__
    self.body = self.oldhandler(*args, **kwargs)
  File "/Library/Python/2.7/site-packages/cherrypy/_cpdispatch.py", line 34, in __call__
    return self.callable(*self.args, **self.kwargs)
  File "/Users/danmalone/Documents/Programming/2014/Python/DaftScraper/Cherry/ServeMe.py", line 32, in api
    items = select_by_county(item)
  File "/Users/danmalone/Documents/Programming/2014/Python/DaftScraper/Cherry/Miner/DataMiner.py", line 26, in select_by_county
    item['area'] = result['area']
TypeError: tuple indices must be integers, not str

[01/Apr/2014:18:16:54] HTTP Traceback (most recent call last):
  File "/Library/Python/2.7/site-packages/cherrypy/_cprequest.py", line 656, in respond
    response.body = self.handler()
  File "/Library/Python/2.7/site-packages/cherrypy/lib/encoding.py", line 188, in __call__
    self.body = self.oldhandler(*args, **kwargs)
  File "/Library/Python/2.7/site-packages/cherrypy/_cpdispatch.py", line 34, in __call__
    return self.callable(*self.args, **self.kwargs)
  File "/Users/danmalone/Documents/Programming/2014/Python/DaftScraper/Cherry/ServeMe.py", line 32, in api
    items = select_by_county(item)
  File "/Users/danmalone/Documents/Programming/2014/Python/DaftScraper/Cherry/Miner/DataMiner.py", line 26, in select_by_county
    item['area'] = result['area']
TypeError: tuple indices must be integers, not str

[01/Apr/2014:18:20:08] ENGINE Bus STARTING
[01/Apr/2014:18:20:08] ENGINE Started monitor thread '_TimeoutMonitor'.
[01/Apr/2014:18:20:08] ENGINE Serving on 127.0.0.1:8080
[01/Apr/2014:18:20:08] ENGINE Bus STARTED
[01/Apr/2014:18:20:20] HTTP Traceback (most recent call last):
  File "/Library/Python/2.7/site-packages/cherrypy/_cprequest.py", line 656, in respond
    response.body = self.handler()
  File "/Library/Python/2.7/site-packages/cherrypy/lib/encoding.py", line 188, in __call__
    self.body = self.oldhandler(*args, **kwargs)
  File "/Library/Python/2.7/site-packages/cherrypy/_cpdispatch.py", line 34, in __call__
    return self.callable(*self.args, **self.kwargs)
  File "/Users/danmalone/Documents/Programming/2014/Python/DaftScraper/Cherry/ServeMe.py", line 32, in api
    items = select_by_county(item)
  File "/Users/danmalone/Documents/Programming/2014/Python/DaftScraper/Cherry/Miner/DataMiner.py", line 26, in select_by_county
    item['id'] = result['00']
TypeError: tuple indices must be integers, not str

[01/Apr/2014:18:21:38] ENGINE Bus STARTING
[01/Apr/2014:18:21:38] ENGINE Started monitor thread '_TimeoutMonitor'.
[01/Apr/2014:18:21:38] ENGINE Serving on 127.0.0.1:8080
[01/Apr/2014:18:21:38] ENGINE Bus STARTED
[01/Apr/2014:18:22:09] HTTP Traceback (most recent call last):
  File "/Library/Python/2.7/site-packages/cherrypy/_cprequest.py", line 661, in respond
    response.finalize()
  File "/Library/Python/2.7/site-packages/cherrypy/_cprequest.py", line 927, in finalize
    content = self.collapse_body()
  File "/Library/Python/2.7/site-packages/cherrypy/_cprequest.py", line 894, in collapse_body
    newbody = ntob('').join(newbody)
TypeError: sequence item 0: expected string, DaftscrapApiItem found

[01/Apr/2014:18:23:27] ENGINE Bus STARTING
[01/Apr/2014:18:23:27] ENGINE Started monitor thread '_TimeoutMonitor'.
[01/Apr/2014:18:23:27] ENGINE Serving on 127.0.0.1:8080
[01/Apr/2014:18:23:27] ENGINE Bus STARTED
[01/Apr/2014:18:23:39] HTTP Traceback (most recent call last):
  File "/Library/Python/2.7/site-packages/cherrypy/_cprequest.py", line 656, in respond
    response.body = self.handler()
  File "/Library/Python/2.7/site-packages/cherrypy/lib/encoding.py", line 228, in __call__
    ct.params['charset'] = self.find_acceptable_charset()
  File "/Library/Python/2.7/site-packages/cherrypy/lib/encoding.py", line 142, in find_acceptable_charset
    if encoder(self.default_encoding):
  File "/Library/Python/2.7/site-packages/cherrypy/lib/encoding.py", line 86, in encode_string
    for chunk in self.body:
TypeError: 'int' object is not iterable

[01/Apr/2014:18:24:06] ENGINE Bus STARTING
[01/Apr/2014:18:24:06] ENGINE Started monitor thread '_TimeoutMonitor'.
[01/Apr/2014:18:24:09] HTTP Traceback (most recent call last):
  File "/Library/Python/2.7/site-packages/cherrypy/_cprequest.py", line 656, in respond
    response.body = self.handler()
  File "/Library/Python/2.7/site-packages/cherrypy/lib/encoding.py", line 228, in __call__
    ct.params['charset'] = self.find_acceptable_charset()
  File "/Library/Python/2.7/site-packages/cherrypy/lib/encoding.py", line 142, in find_acceptable_charset
    if encoder(self.default_encoding):
  File "/Library/Python/2.7/site-packages/cherrypy/lib/encoding.py", line 86, in encode_string
    for chunk in self.body:
TypeError: 'int' object is not iterable

[01/Apr/2014:18:24:11] ENGINE Error in 'start' listener <bound method Server.start of <cherrypy._cpserver.Server object at 0x10ab12790>>
Traceback (most recent call last):
  File "/Library/Python/2.7/site-packages/cherrypy/process/wspbus.py", line 197, in publish
    output.append(listener(*args, **kwargs))
  File "/Library/Python/2.7/site-packages/cherrypy/_cpserver.py", line 151, in start
    ServerAdapter.start(self)
  File "/Library/Python/2.7/site-packages/cherrypy/process/servers.py", line 168, in start
    wait_for_free_port(*self.bind_addr)
  File "/Library/Python/2.7/site-packages/cherrypy/process/servers.py", line 412, in wait_for_free_port
    raise IOError("Port %r not free on %r" % (port, host))
IOError: Port 8080 not free on '127.0.0.1'

[01/Apr/2014:18:24:11] ENGINE Shutting down due to error in start listener:
Traceback (most recent call last):
  File "/Library/Python/2.7/site-packages/cherrypy/process/wspbus.py", line 235, in start
    self.publish('start')
  File "/Library/Python/2.7/site-packages/cherrypy/process/wspbus.py", line 215, in publish
    raise exc
ChannelFailures: IOError("Port 8080 not free on '127.0.0.1'",)

[01/Apr/2014:18:24:11] ENGINE Bus STOPPING
[01/Apr/2014:18:24:11] ENGINE HTTP Server cherrypy._cpwsgi_server.CPWSGIServer(('127.0.0.1', 8080)) already shut down
[01/Apr/2014:18:24:11] ENGINE Stopped thread '_TimeoutMonitor'.
[01/Apr/2014:18:24:11] ENGINE Bus STOPPED
[01/Apr/2014:18:24:11] ENGINE Bus EXITING
[01/Apr/2014:18:24:11] ENGINE Bus EXITED
[01/Apr/2014:18:41:04] HTTP Traceback (most recent call last):
  File "/Library/Python/2.7/site-packages/cherrypy/_cprequest.py", line 656, in respond
    response.body = self.handler()
  File "/Library/Python/2.7/site-packages/cherrypy/lib/encoding.py", line 228, in __call__
    ct.params['charset'] = self.find_acceptable_charset()
  File "/Library/Python/2.7/site-packages/cherrypy/lib/encoding.py", line 142, in find_acceptable_charset
    if encoder(self.default_encoding):
  File "/Library/Python/2.7/site-packages/cherrypy/lib/encoding.py", line 86, in encode_string
    for chunk in self.body:
TypeError: 'int' object is not iterable

[01/Apr/2014:18:41:29] ENGINE Bus STARTING
[01/Apr/2014:18:41:29] ENGINE Started monitor thread '_TimeoutMonitor'.
[01/Apr/2014:18:41:29] ENGINE Serving on 127.0.0.1:8080
[01/Apr/2014:18:41:29] ENGINE Bus STARTED
[01/Apr/2014:18:41:41] ENGINE Keyboard Interrupt: shutting down bus
[01/Apr/2014:18:41:41] ENGINE Bus STOPPING
[01/Apr/2014:18:41:41] ENGINE HTTP Server cherrypy._cpwsgi_server.CPWSGIServer(('127.0.0.1', 8080)) shut down
[01/Apr/2014:18:41:41] ENGINE Stopped thread '_TimeoutMonitor'.
[01/Apr/2014:18:41:41] ENGINE Bus STOPPED
[01/Apr/2014:18:41:41] ENGINE Bus EXITING
[01/Apr/2014:18:41:41] ENGINE Bus EXITED
[01/Apr/2014:18:41:41] ENGINE Waiting for child threads to terminate...
[01/Apr/2014:18:41:42] ENGINE Bus STARTING
[01/Apr/2014:18:41:42] ENGINE Started monitor thread '_TimeoutMonitor'.
[01/Apr/2014:18:41:42] ENGINE Serving on 127.0.0.1:8080
[01/Apr/2014:18:41:42] ENGINE Bus STARTED
[01/Apr/2014:18:45:23] ENGINE Keyboard Interrupt: shutting down bus
[01/Apr/2014:18:45:23] ENGINE Bus STOPPING
[01/Apr/2014:18:45:23] ENGINE HTTP Server cherrypy._cpwsgi_server.CPWSGIServer(('127.0.0.1', 8080)) shut down
[01/Apr/2014:18:45:23] ENGINE Stopped thread '_TimeoutMonitor'.
[01/Apr/2014:18:45:23] ENGINE Bus STOPPED
[01/Apr/2014:18:45:23] ENGINE Bus EXITING
[01/Apr/2014:18:45:23] ENGINE Bus EXITED
[01/Apr/2014:18:45:23] ENGINE Waiting for child threads to terminate...
[01/Apr/2014:18:47:51] ENGINE Bus STARTING
[01/Apr/2014:18:47:51] ENGINE Started monitor thread '_TimeoutMonitor'.
[01/Apr/2014:18:47:51] ENGINE Serving on 127.0.0.1:8080
[01/Apr/2014:18:47:51] ENGINE Bus STARTED
[01/Apr/2014:18:48:46] ENGINE Bus STARTING
[01/Apr/2014:18:48:46] ENGINE Started monitor thread '_TimeoutMonitor'.
[01/Apr/2014:18:48:46] ENGINE Serving on 127.0.0.1:8080
[01/Apr/2014:18:48:46] ENGINE Bus STARTED
